CRITICAL - 2020-11-25 13:48:20 --> Unable to connect to the database.
#0 C:\Users\Julie\Documents\WebDev\RD\Project Rep\a20ux1\system\Database\BaseConnection.php(646): CodeIgniter\Database\BaseConnection->initialize()
#1 C:\Users\Julie\Documents\WebDev\RD\Project Rep\a20ux1\system\Database\BaseBuilder.php(1860): CodeIgniter\Database\BaseConnection->query('SELECT *\nFROM `...', Array, false)
#2 C:\Users\Julie\Documents\WebDev\RD\Project Rep\a20ux1\system\Model.php(506): CodeIgniter\Database\BaseBuilder->get()
#3 C:\Users\Julie\Documents\WebDev\RD\Project Rep\a20ux1\app\Controllers\Login.php(22): CodeIgniter\Model->first()
#4 C:\Users\Julie\Documents\WebDev\RD\Project Rep\a20ux1\system\CodeIgniter.php(918): App\Controllers\Login->auth()
#5 C:\Users\Julie\Documents\WebDev\RD\Project Rep\a20ux1\system\CodeIgniter.php(404): CodeIgniter\CodeIgniter->runController(Object(App\Controllers\Login))
#6 C:\Users\Julie\Documents\WebDev\RD\Project Rep\a20ux1\system\CodeIgniter.php(312): CodeIgniter\CodeIgniter->handleRequest(NULL, Object(Config\Cache), false)
#7 C:\Users\Julie\Documents\WebDev\RD\Project Rep\a20ux1\public\index.php(45): CodeIgniter\CodeIgniter->run()
#8 {main}
CRITICAL - 2020-11-25 13:48:51 --> syntax error, unexpected '{'
#0 C:\Users\Julie\Documents\WebDev\RD\Project Rep\a20ux1\system\Autoloader\Autoloader.php(296): CodeIgniter\Autoloader\Autoloader->requireFile('C:\\Users\\Julie\\...')
#1 C:\Users\Julie\Documents\WebDev\RD\Project Rep\a20ux1\system\Autoloader\Autoloader.php(258): CodeIgniter\Autoloader\Autoloader->loadInNamespace('App\\Controllers...')
#2 [internal function]: CodeIgniter\Autoloader\Autoloader->loadClass('App\\Controllers...')
#3 [internal function]: spl_autoload_call('App\\Controllers...')
#4 C:\Users\Julie\Documents\WebDev\RD\Project Rep\a20ux1\system\CodeIgniter.php(869): class_exists('\\App\\Controller...', true)
#5 C:\Users\Julie\Documents\WebDev\RD\Project Rep\a20ux1\system\CodeIgniter.php(394): CodeIgniter\CodeIgniter->startController()
#6 C:\Users\Julie\Documents\WebDev\RD\Project Rep\a20ux1\system\CodeIgniter.php(312): CodeIgniter\CodeIgniter->handleRequest(NULL, Object(Config\Cache), false)
#7 C:\Users\Julie\Documents\WebDev\RD\Project Rep\a20ux1\public\index.php(45): CodeIgniter\CodeIgniter->run()
#8 {main}
CRITICAL - 2020-11-25 13:49:19 --> syntax error, unexpected '{'
#0 C:\Users\Julie\Documents\WebDev\RD\Project Rep\a20ux1\system\Router\Router.php(195): CodeIgniter\Router\Router->autoRoute('profile/11')
#1 C:\Users\Julie\Documents\WebDev\RD\Project Rep\a20ux1\system\CodeIgniter.php(793): CodeIgniter\Router\Router->handle('profile/11')
#2 C:\Users\Julie\Documents\WebDev\RD\Project Rep\a20ux1\system\CodeIgniter.php(364): CodeIgniter\CodeIgniter->tryToRouteIt(Object(CodeIgniter\Router\RouteCollection))
#3 C:\Users\Julie\Documents\WebDev\RD\Project Rep\a20ux1\system\CodeIgniter.php(312): CodeIgniter\CodeIgniter->handleRequest(NULL, Object(Config\Cache), false)
#4 C:\Users\Julie\Documents\WebDev\RD\Project Rep\a20ux1\public\index.php(45): CodeIgniter\CodeIgniter->run()
#5 {main}
