CRITICAL - 2020-11-04 06:37:57 --> Cannot call constructor
#0 C:\Users\Julie\Documents\WebDev\RD\Project Rep\a20ux1\system\CodeIgniter.php(890): App\Controllers\Login->__construct()
#1 C:\Users\Julie\Documents\WebDev\RD\Project Rep\a20ux1\system\CodeIgniter.php(399): CodeIgniter\CodeIgniter->createController()
#2 C:\Users\Julie\Documents\WebDev\RD\Project Rep\a20ux1\system\CodeIgniter.php(312): CodeIgniter\CodeIgniter->handleRequest(NULL, Object(Config\Cache), false)
#3 C:\Users\Julie\Documents\WebDev\RD\Project Rep\a20ux1\public\index.php(45): CodeIgniter\CodeIgniter->run()
#4 {main}
CRITICAL - 2020-11-04 06:51:14 --> Call to undefined function set_value()
#0 C:\Users\Julie\Documents\WebDev\RD\Project Rep\a20ux1\system\View\View.php(246): include()
#1 C:\Users\Julie\Documents\WebDev\RD\Project Rep\a20ux1\system\Common.php(1119): CodeIgniter\View\View->render('loginpage', Array, true)
#2 C:\Users\Julie\Documents\WebDev\RD\Project Rep\a20ux1\app\Controllers\Login.php(21): view('loginpage')
#3 C:\Users\Julie\Documents\WebDev\RD\Project Rep\a20ux1\system\CodeIgniter.php(918): App\Controllers\Login->login()
#4 C:\Users\Julie\Documents\WebDev\RD\Project Rep\a20ux1\system\CodeIgniter.php(404): CodeIgniter\CodeIgniter->runController(Object(App\Controllers\Login))
#5 C:\Users\Julie\Documents\WebDev\RD\Project Rep\a20ux1\system\CodeIgniter.php(312): CodeIgniter\CodeIgniter->handleRequest(NULL, Object(Config\Cache), false)
#6 C:\Users\Julie\Documents\WebDev\RD\Project Rep\a20ux1\public\index.php(45): CodeIgniter\CodeIgniter->run()
#7 {main}
CRITICAL - 2020-11-04 08:31:32 --> Unable to connect to the database.
#0 C:\Users\Julie\Documents\WebDev\RD\Project Rep\a20ux1\system\Database\BaseConnection.php(646): CodeIgniter\Database\BaseConnection->initialize()
#1 C:\Users\Julie\Documents\WebDev\RD\Project Rep\a20ux1\system\Database\BaseBuilder.php(1860): CodeIgniter\Database\BaseConnection->query('SELECT 1\nFROM `...', Array, false)
#2 C:\Users\Julie\Documents\WebDev\RD\Project Rep\a20ux1\system\Validation\Rules.php(240): CodeIgniter\Database\BaseBuilder->get()
#3 C:\Users\Julie\Documents\WebDev\RD\Project Rep\a20ux1\system\Validation\Validation.php(325): CodeIgniter\Validation\Rules->is_unique('jabuticabamadur...', 'emailAddress', Array, NULL)
#4 C:\Users\Julie\Documents\WebDev\RD\Project Rep\a20ux1\system\Validation\Validation.php(189): CodeIgniter\Validation\Validation->processRules('email', 'email', 'jabuticabamadur...', Array, Array)
#5 C:\Users\Julie\Documents\WebDev\RD\Project Rep\a20ux1\system\Controller.php(219): CodeIgniter\Validation\Validation->run()
#6 C:\Users\Julie\Documents\WebDev\RD\Project Rep\a20ux1\app\Controllers\User.php(39): CodeIgniter\Controller->validate(Array)
#7 C:\Users\Julie\Documents\WebDev\RD\Project Rep\a20ux1\system\CodeIgniter.php(918): App\Controllers\User->registrationstepone()
#8 C:\Users\Julie\Documents\WebDev\RD\Project Rep\a20ux1\system\CodeIgniter.php(404): CodeIgniter\CodeIgniter->runController(Object(App\Controllers\User))
#9 C:\Users\Julie\Documents\WebDev\RD\Project Rep\a20ux1\system\CodeIgniter.php(312): CodeIgniter\CodeIgniter->handleRequest(NULL, Object(Config\Cache), false)
#10 C:\Users\Julie\Documents\WebDev\RD\Project Rep\a20ux1\public\index.php(45): CodeIgniter\CodeIgniter->run()
#11 {main}
CRITICAL - 2020-11-04 08:31:32 --> Uncaught ErrorException: print_r(): Property access is not allowed yet in C:\Users\Julie\Documents\WebDev\RD\Project Rep\a20ux1\app\Views\errors\html\error_exception.php:100
Stack trace:
#0 [internal function]: CodeIgniter\Debug\Exceptions->errorHandler(2, 'print_r(): Prop...', 'C:\\Users\\Julie\\...', 100, Array)
#1 C:\Users\Julie\Documents\WebDev\RD\Project Rep\a20ux1\app\Views\errors\html\error_exception.php(100): print_r(Object(App\Controllers\User), true)
#2 C:\Users\Julie\Documents\WebDev\RD\Project Rep\a20ux1\system\Debug\Exceptions.php(308): include('C:\\Users\\Julie\\...')
#3 C:\Users\Julie\Documents\WebDev\RD\Project Rep\a20ux1\system\Debug\Exceptions.php(174): CodeIgniter\Debug\Exceptions->render(Object(CodeIgniter\Database\Exceptions\DatabaseException), 500)
#4 [internal function]: CodeIgniter\Debug\Exceptions->exceptionHandler(Object(CodeIgniter\Database\Exceptions\DatabaseException))
#5 {main}
  thrown
#0 [internal function]: CodeIgniter\Debug\Exceptions->shutdownHandler()
#1 {main}
CRITICAL - 2020-11-04 08:34:03 --> Unable to connect to the database.
#0 C:\Users\Julie\Documents\WebDev\RD\Project Rep\a20ux1\system\Database\BaseConnection.php(646): CodeIgniter\Database\BaseConnection->initialize()
#1 C:\Users\Julie\Documents\WebDev\RD\Project Rep\a20ux1\system\Database\BaseBuilder.php(1860): CodeIgniter\Database\BaseConnection->query('SELECT 1\nFROM `...', Array, false)
#2 C:\Users\Julie\Documents\WebDev\RD\Project Rep\a20ux1\system\Validation\Rules.php(240): CodeIgniter\Database\BaseBuilder->get()
#3 C:\Users\Julie\Documents\WebDev\RD\Project Rep\a20ux1\system\Validation\Validation.php(325): CodeIgniter\Validation\Rules->is_unique('jcbb009@gmail.c...', 'emailAddress', Array, NULL)
#4 C:\Users\Julie\Documents\WebDev\RD\Project Rep\a20ux1\system\Validation\Validation.php(189): CodeIgniter\Validation\Validation->processRules('email', 'email', 'jcbb009@gmail.c...', Array, Array)
#5 C:\Users\Julie\Documents\WebDev\RD\Project Rep\a20ux1\system\Controller.php(219): CodeIgniter\Validation\Validation->run()
#6 C:\Users\Julie\Documents\WebDev\RD\Project Rep\a20ux1\app\Controllers\User.php(39): CodeIgniter\Controller->validate(Array)
#7 C:\Users\Julie\Documents\WebDev\RD\Project Rep\a20ux1\system\CodeIgniter.php(918): App\Controllers\User->registrationstepone()
#8 C:\Users\Julie\Documents\WebDev\RD\Project Rep\a20ux1\system\CodeIgniter.php(404): CodeIgniter\CodeIgniter->runController(Object(App\Controllers\User))
#9 C:\Users\Julie\Documents\WebDev\RD\Project Rep\a20ux1\system\CodeIgniter.php(312): CodeIgniter\CodeIgniter->handleRequest(NULL, Object(Config\Cache), false)
#10 C:\Users\Julie\Documents\WebDev\RD\Project Rep\a20ux1\public\index.php(45): CodeIgniter\CodeIgniter->run()
#11 {main}
CRITICAL - 2020-11-04 08:34:03 --> Uncaught ErrorException: print_r(): Property access is not allowed yet in C:\Users\Julie\Documents\WebDev\RD\Project Rep\a20ux1\app\Views\errors\html\error_exception.php:100
Stack trace:
#0 [internal function]: CodeIgniter\Debug\Exceptions->errorHandler(2, 'print_r(): Prop...', 'C:\\Users\\Julie\\...', 100, Array)
#1 C:\Users\Julie\Documents\WebDev\RD\Project Rep\a20ux1\app\Views\errors\html\error_exception.php(100): print_r(Object(App\Controllers\User), true)
#2 C:\Users\Julie\Documents\WebDev\RD\Project Rep\a20ux1\system\Debug\Exceptions.php(308): include('C:\\Users\\Julie\\...')
#3 C:\Users\Julie\Documents\WebDev\RD\Project Rep\a20ux1\system\Debug\Exceptions.php(174): CodeIgniter\Debug\Exceptions->render(Object(CodeIgniter\Database\Exceptions\DatabaseException), 500)
#4 [internal function]: CodeIgniter\Debug\Exceptions->exceptionHandler(Object(CodeIgniter\Database\Exceptions\DatabaseException))
#5 {main}
  thrown
#0 [internal function]: CodeIgniter\Debug\Exceptions->shutdownHandler()
#1 {main}
CRITICAL - 2020-11-04 08:37:10 --> Unable to connect to the database.
#0 C:\Users\Julie\Documents\WebDev\RD\Project Rep\a20ux1\system\Database\BaseConnection.php(646): CodeIgniter\Database\BaseConnection->initialize()
#1 C:\Users\Julie\Documents\WebDev\RD\Project Rep\a20ux1\system\Database\BaseBuilder.php(1860): CodeIgniter\Database\BaseConnection->query('SELECT 1\nFROM `...', Array, false)
#2 C:\Users\Julie\Documents\WebDev\RD\Project Rep\a20ux1\system\Validation\Rules.php(240): CodeIgniter\Database\BaseBuilder->get()
#3 C:\Users\Julie\Documents\WebDev\RD\Project Rep\a20ux1\system\Validation\Validation.php(325): CodeIgniter\Validation\Rules->is_unique('jcbb009@gmail.c...', 'emailAddress', Array, NULL)
#4 C:\Users\Julie\Documents\WebDev\RD\Project Rep\a20ux1\system\Validation\Validation.php(189): CodeIgniter\Validation\Validation->processRules('email', 'email', 'jcbb009@gmail.c...', Array, Array)
#5 C:\Users\Julie\Documents\WebDev\RD\Project Rep\a20ux1\system\Controller.php(219): CodeIgniter\Validation\Validation->run()
#6 C:\Users\Julie\Documents\WebDev\RD\Project Rep\a20ux1\app\Controllers\User.php(39): CodeIgniter\Controller->validate(Array)
#7 C:\Users\Julie\Documents\WebDev\RD\Project Rep\a20ux1\system\CodeIgniter.php(918): App\Controllers\User->registrationstepone()
#8 C:\Users\Julie\Documents\WebDev\RD\Project Rep\a20ux1\system\CodeIgniter.php(404): CodeIgniter\CodeIgniter->runController(Object(App\Controllers\User))
#9 C:\Users\Julie\Documents\WebDev\RD\Project Rep\a20ux1\system\CodeIgniter.php(312): CodeIgniter\CodeIgniter->handleRequest(NULL, Object(Config\Cache), false)
#10 C:\Users\Julie\Documents\WebDev\RD\Project Rep\a20ux1\public\index.php(45): CodeIgniter\CodeIgniter->run()
#11 {main}
CRITICAL - 2020-11-04 08:37:10 --> Uncaught ErrorException: print_r(): Property access is not allowed yet in C:\Users\Julie\Documents\WebDev\RD\Project Rep\a20ux1\app\Views\errors\html\error_exception.php:100
Stack trace:
#0 [internal function]: CodeIgniter\Debug\Exceptions->errorHandler(2, 'print_r(): Prop...', 'C:\\Users\\Julie\\...', 100, Array)
#1 C:\Users\Julie\Documents\WebDev\RD\Project Rep\a20ux1\app\Views\errors\html\error_exception.php(100): print_r(Object(App\Controllers\User), true)
#2 C:\Users\Julie\Documents\WebDev\RD\Project Rep\a20ux1\system\Debug\Exceptions.php(308): include('C:\\Users\\Julie\\...')
#3 C:\Users\Julie\Documents\WebDev\RD\Project Rep\a20ux1\system\Debug\Exceptions.php(174): CodeIgniter\Debug\Exceptions->render(Object(CodeIgniter\Database\Exceptions\DatabaseException), 500)
#4 [internal function]: CodeIgniter\Debug\Exceptions->exceptionHandler(Object(CodeIgniter\Database\Exceptions\DatabaseException))
#5 {main}
  thrown
#0 [internal function]: CodeIgniter\Debug\Exceptions->shutdownHandler()
#1 {main}
CRITICAL - 2020-11-04 08:39:24 --> Unable to connect to the database.
#0 C:\Users\Julie\Documents\WebDev\RD\Project Rep\a20ux1\system\Database\BaseConnection.php(646): CodeIgniter\Database\BaseConnection->initialize()
#1 C:\Users\Julie\Documents\WebDev\RD\Project Rep\a20ux1\system\Database\BaseBuilder.php(1860): CodeIgniter\Database\BaseConnection->query('SELECT 1\nFROM `...', Array, false)
#2 C:\Users\Julie\Documents\WebDev\RD\Project Rep\a20ux1\system\Validation\Rules.php(240): CodeIgniter\Database\BaseBuilder->get()
#3 C:\Users\Julie\Documents\WebDev\RD\Project Rep\a20ux1\system\Validation\Validation.php(325): CodeIgniter\Validation\Rules->is_unique('jabuticabamadur...', 'emailAddress', Array, NULL)
#4 C:\Users\Julie\Documents\WebDev\RD\Project Rep\a20ux1\system\Validation\Validation.php(189): CodeIgniter\Validation\Validation->processRules('email', 'email', 'jabuticabamadur...', Array, Array)
#5 C:\Users\Julie\Documents\WebDev\RD\Project Rep\a20ux1\system\Controller.php(219): CodeIgniter\Validation\Validation->run()
#6 C:\Users\Julie\Documents\WebDev\RD\Project Rep\a20ux1\app\Controllers\User.php(39): CodeIgniter\Controller->validate(Array)
#7 C:\Users\Julie\Documents\WebDev\RD\Project Rep\a20ux1\system\CodeIgniter.php(918): App\Controllers\User->registrationstepone()
#8 C:\Users\Julie\Documents\WebDev\RD\Project Rep\a20ux1\system\CodeIgniter.php(404): CodeIgniter\CodeIgniter->runController(Object(App\Controllers\User))
#9 C:\Users\Julie\Documents\WebDev\RD\Project Rep\a20ux1\system\CodeIgniter.php(312): CodeIgniter\CodeIgniter->handleRequest(NULL, Object(Config\Cache), false)
#10 C:\Users\Julie\Documents\WebDev\RD\Project Rep\a20ux1\public\index.php(45): CodeIgniter\CodeIgniter->run()
#11 {main}
CRITICAL - 2020-11-04 08:39:24 --> Uncaught ErrorException: print_r(): Property access is not allowed yet in C:\Users\Julie\Documents\WebDev\RD\Project Rep\a20ux1\app\Views\errors\html\error_exception.php:100
Stack trace:
#0 [internal function]: CodeIgniter\Debug\Exceptions->errorHandler(2, 'print_r(): Prop...', 'C:\\Users\\Julie\\...', 100, Array)
#1 C:\Users\Julie\Documents\WebDev\RD\Project Rep\a20ux1\app\Views\errors\html\error_exception.php(100): print_r(Object(App\Controllers\User), true)
#2 C:\Users\Julie\Documents\WebDev\RD\Project Rep\a20ux1\system\Debug\Exceptions.php(308): include('C:\\Users\\Julie\\...')
#3 C:\Users\Julie\Documents\WebDev\RD\Project Rep\a20ux1\system\Debug\Exceptions.php(174): CodeIgniter\Debug\Exceptions->render(Object(CodeIgniter\Database\Exceptions\DatabaseException), 500)
#4 [internal function]: CodeIgniter\Debug\Exceptions->exceptionHandler(Object(CodeIgniter\Database\Exceptions\DatabaseException))
#5 {main}
  thrown
#0 [internal function]: CodeIgniter\Debug\Exceptions->shutdownHandler()
#1 {main}
CRITICAL - 2020-11-04 09:24:21 --> Unable to connect to the database.
#0 C:\Users\Julie\Documents\WebDev\RD\Project Rep\a20ux1\system\Database\BaseConnection.php(646): CodeIgniter\Database\BaseConnection->initialize()
#1 C:\Users\Julie\Documents\WebDev\RD\Project Rep\a20ux1\system\Database\BaseBuilder.php(1860): CodeIgniter\Database\BaseConnection->query('SELECT 1\nFROM `...', Array, false)
#2 C:\Users\Julie\Documents\WebDev\RD\Project Rep\a20ux1\system\Validation\Rules.php(240): CodeIgniter\Database\BaseBuilder->get()
#3 C:\Users\Julie\Documents\WebDev\RD\Project Rep\a20ux1\system\Validation\Validation.php(325): CodeIgniter\Validation\Rules->is_unique('jabuticabamadur...', 'emailAddress', Array, NULL)
#4 C:\Users\Julie\Documents\WebDev\RD\Project Rep\a20ux1\system\Validation\Validation.php(189): CodeIgniter\Validation\Validation->processRules('email', 'email', 'jabuticabamadur...', Array, Array)
#5 C:\Users\Julie\Documents\WebDev\RD\Project Rep\a20ux1\system\Controller.php(219): CodeIgniter\Validation\Validation->run()
#6 C:\Users\Julie\Documents\WebDev\RD\Project Rep\a20ux1\app\Controllers\User.php(39): CodeIgniter\Controller->validate(Array)
#7 C:\Users\Julie\Documents\WebDev\RD\Project Rep\a20ux1\system\CodeIgniter.php(918): App\Controllers\User->registrationstepone()
#8 C:\Users\Julie\Documents\WebDev\RD\Project Rep\a20ux1\system\CodeIgniter.php(404): CodeIgniter\CodeIgniter->runController(Object(App\Controllers\User))
#9 C:\Users\Julie\Documents\WebDev\RD\Project Rep\a20ux1\system\CodeIgniter.php(312): CodeIgniter\CodeIgniter->handleRequest(NULL, Object(Config\Cache), false)
#10 C:\Users\Julie\Documents\WebDev\RD\Project Rep\a20ux1\public\index.php(45): CodeIgniter\CodeIgniter->run()
#11 {main}
CRITICAL - 2020-11-04 09:24:21 --> Uncaught ErrorException: print_r(): Property access is not allowed yet in C:\Users\Julie\Documents\WebDev\RD\Project Rep\a20ux1\app\Views\errors\html\error_exception.php:100
Stack trace:
#0 [internal function]: CodeIgniter\Debug\Exceptions->errorHandler(2, 'print_r(): Prop...', 'C:\\Users\\Julie\\...', 100, Array)
#1 C:\Users\Julie\Documents\WebDev\RD\Project Rep\a20ux1\app\Views\errors\html\error_exception.php(100): print_r(Object(App\Controllers\User), true)
#2 C:\Users\Julie\Documents\WebDev\RD\Project Rep\a20ux1\system\Debug\Exceptions.php(308): include('C:\\Users\\Julie\\...')
#3 C:\Users\Julie\Documents\WebDev\RD\Project Rep\a20ux1\system\Debug\Exceptions.php(174): CodeIgniter\Debug\Exceptions->render(Object(CodeIgniter\Database\Exceptions\DatabaseException), 500)
#4 [internal function]: CodeIgniter\Debug\Exceptions->exceptionHandler(Object(CodeIgniter\Database\Exceptions\DatabaseException))
#5 {main}
  thrown
#0 [internal function]: CodeIgniter\Debug\Exceptions->shutdownHandler()
#1 {main}
CRITICAL - 2020-11-04 09:57:08 --> syntax error, unexpected 'private' (T_PRIVATE), expecting ',' or ';'
#0 C:\Users\Julie\Documents\WebDev\RD\Project Rep\a20ux1\system\Autoloader\Autoloader.php(296): CodeIgniter\Autoloader\Autoloader->requireFile('C:\\Users\\Julie\\...')
#1 C:\Users\Julie\Documents\WebDev\RD\Project Rep\a20ux1\system\Autoloader\Autoloader.php(258): CodeIgniter\Autoloader\Autoloader->loadInNamespace('App\\Controllers...')
#2 [internal function]: CodeIgniter\Autoloader\Autoloader->loadClass('App\\Controllers...')
#3 [internal function]: spl_autoload_call('App\\Controllers...')
#4 C:\Users\Julie\Documents\WebDev\RD\Project Rep\a20ux1\system\CodeIgniter.php(869): class_exists('\\App\\Controller...', true)
#5 C:\Users\Julie\Documents\WebDev\RD\Project Rep\a20ux1\system\CodeIgniter.php(394): CodeIgniter\CodeIgniter->startController()
#6 C:\Users\Julie\Documents\WebDev\RD\Project Rep\a20ux1\system\CodeIgniter.php(312): CodeIgniter\CodeIgniter->handleRequest(NULL, Object(Config\Cache), false)
#7 C:\Users\Julie\Documents\WebDev\RD\Project Rep\a20ux1\public\index.php(45): CodeIgniter\CodeIgniter->run()
#8 {main}
CRITICAL - 2020-11-04 09:57:16 --> syntax error, unexpected 'private' (T_PRIVATE), expecting ',' or ';'
#0 C:\Users\Julie\Documents\WebDev\RD\Project Rep\a20ux1\system\Router\Router.php(195): CodeIgniter\Router\Router->autoRoute('user/registrati...')
#1 C:\Users\Julie\Documents\WebDev\RD\Project Rep\a20ux1\system\CodeIgniter.php(793): CodeIgniter\Router\Router->handle('user/registrati...')
#2 C:\Users\Julie\Documents\WebDev\RD\Project Rep\a20ux1\system\CodeIgniter.php(364): CodeIgniter\CodeIgniter->tryToRouteIt(Object(CodeIgniter\Router\RouteCollection))
#3 C:\Users\Julie\Documents\WebDev\RD\Project Rep\a20ux1\system\CodeIgniter.php(312): CodeIgniter\CodeIgniter->handleRequest(NULL, Object(Config\Cache), false)
#4 C:\Users\Julie\Documents\WebDev\RD\Project Rep\a20ux1\public\index.php(45): CodeIgniter\CodeIgniter->run()
#5 {main}
CRITICAL - 2020-11-04 09:57:16 --> syntax error, unexpected 'private' (T_PRIVATE), expecting ',' or ';'
#0 C:\Users\Julie\Documents\WebDev\RD\Project Rep\a20ux1\system\Autoloader\Autoloader.php(296): CodeIgniter\Autoloader\Autoloader->requireFile('C:\\Users\\Julie\\...')
#1 C:\Users\Julie\Documents\WebDev\RD\Project Rep\a20ux1\system\Autoloader\Autoloader.php(258): CodeIgniter\Autoloader\Autoloader->loadInNamespace('App\\Controllers...')
#2 [internal function]: CodeIgniter\Autoloader\Autoloader->loadClass('App\\Controllers...')
#3 [internal function]: spl_autoload_call('App\\Controllers...')
#4 C:\Users\Julie\Documents\WebDev\RD\Project Rep\a20ux1\system\CodeIgniter.php(869): class_exists('\\App\\Controller...', true)
#5 C:\Users\Julie\Documents\WebDev\RD\Project Rep\a20ux1\system\CodeIgniter.php(394): CodeIgniter\CodeIgniter->startController()
#6 C:\Users\Julie\Documents\WebDev\RD\Project Rep\a20ux1\system\CodeIgniter.php(312): CodeIgniter\CodeIgniter->handleRequest(NULL, Object(Config\Cache), false)
#7 C:\Users\Julie\Documents\WebDev\RD\Project Rep\a20ux1\public\index.php(45): CodeIgniter\CodeIgniter->run()
#8 {main}
CRITICAL - 2020-11-04 09:57:23 --> syntax error, unexpected 'private' (T_PRIVATE), expecting ',' or ';'
#0 C:\Users\Julie\Documents\WebDev\RD\Project Rep\a20ux1\system\Autoloader\Autoloader.php(296): CodeIgniter\Autoloader\Autoloader->requireFile('C:\\Users\\Julie\\...')
#1 C:\Users\Julie\Documents\WebDev\RD\Project Rep\a20ux1\system\Autoloader\Autoloader.php(258): CodeIgniter\Autoloader\Autoloader->loadInNamespace('App\\Controllers...')
#2 [internal function]: CodeIgniter\Autoloader\Autoloader->loadClass('App\\Controllers...')
#3 [internal function]: spl_autoload_call('App\\Controllers...')
#4 C:\Users\Julie\Documents\WebDev\RD\Project Rep\a20ux1\system\CodeIgniter.php(869): class_exists('\\App\\Controller...', true)
#5 C:\Users\Julie\Documents\WebDev\RD\Project Rep\a20ux1\system\CodeIgniter.php(394): CodeIgniter\CodeIgniter->startController()
#6 C:\Users\Julie\Documents\WebDev\RD\Project Rep\a20ux1\system\CodeIgniter.php(312): CodeIgniter\CodeIgniter->handleRequest(NULL, Object(Config\Cache), false)
#7 C:\Users\Julie\Documents\WebDev\RD\Project Rep\a20ux1\public\index.php(45): CodeIgniter\CodeIgniter->run()
#8 {main}
CRITICAL - 2020-11-04 09:58:27 --> syntax error, unexpected 'private' (T_PRIVATE), expecting ',' or ';'
#0 C:\Users\Julie\Documents\WebDev\RD\Project Rep\a20ux1\system\Autoloader\Autoloader.php(296): CodeIgniter\Autoloader\Autoloader->requireFile('C:\\Users\\Julie\\...')
#1 C:\Users\Julie\Documents\WebDev\RD\Project Rep\a20ux1\system\Autoloader\Autoloader.php(258): CodeIgniter\Autoloader\Autoloader->loadInNamespace('App\\Controllers...')
#2 [internal function]: CodeIgniter\Autoloader\Autoloader->loadClass('App\\Controllers...')
#3 [internal function]: spl_autoload_call('App\\Controllers...')
#4 C:\Users\Julie\Documents\WebDev\RD\Project Rep\a20ux1\system\CodeIgniter.php(869): class_exists('\\App\\Controller...', true)
#5 C:\Users\Julie\Documents\WebDev\RD\Project Rep\a20ux1\system\CodeIgniter.php(394): CodeIgniter\CodeIgniter->startController()
#6 C:\Users\Julie\Documents\WebDev\RD\Project Rep\a20ux1\system\CodeIgniter.php(312): CodeIgniter\CodeIgniter->handleRequest(NULL, Object(Config\Cache), false)
#7 C:\Users\Julie\Documents\WebDev\RD\Project Rep\a20ux1\public\index.php(45): CodeIgniter\CodeIgniter->run()
#8 {main}
CRITICAL - 2020-11-04 09:58:28 --> syntax error, unexpected 'private' (T_PRIVATE), expecting ',' or ';'
#0 C:\Users\Julie\Documents\WebDev\RD\Project Rep\a20ux1\system\Autoloader\Autoloader.php(296): CodeIgniter\Autoloader\Autoloader->requireFile('C:\\Users\\Julie\\...')
#1 C:\Users\Julie\Documents\WebDev\RD\Project Rep\a20ux1\system\Autoloader\Autoloader.php(258): CodeIgniter\Autoloader\Autoloader->loadInNamespace('App\\Controllers...')
#2 [internal function]: CodeIgniter\Autoloader\Autoloader->loadClass('App\\Controllers...')
#3 [internal function]: spl_autoload_call('App\\Controllers...')
#4 C:\Users\Julie\Documents\WebDev\RD\Project Rep\a20ux1\system\CodeIgniter.php(869): class_exists('\\App\\Controller...', true)
#5 C:\Users\Julie\Documents\WebDev\RD\Project Rep\a20ux1\system\CodeIgniter.php(394): CodeIgniter\CodeIgniter->startController()
#6 C:\Users\Julie\Documents\WebDev\RD\Project Rep\a20ux1\system\CodeIgniter.php(312): CodeIgniter\CodeIgniter->handleRequest(NULL, Object(Config\Cache), false)
#7 C:\Users\Julie\Documents\WebDev\RD\Project Rep\a20ux1\public\index.php(45): CodeIgniter\CodeIgniter->run()
#8 {main}
CRITICAL - 2020-11-04 09:58:30 --> syntax error, unexpected 'private' (T_PRIVATE), expecting ',' or ';'
#0 C:\Users\Julie\Documents\WebDev\RD\Project Rep\a20ux1\system\Autoloader\Autoloader.php(296): CodeIgniter\Autoloader\Autoloader->requireFile('C:\\Users\\Julie\\...')
#1 C:\Users\Julie\Documents\WebDev\RD\Project Rep\a20ux1\system\Autoloader\Autoloader.php(258): CodeIgniter\Autoloader\Autoloader->loadInNamespace('App\\Controllers...')
#2 [internal function]: CodeIgniter\Autoloader\Autoloader->loadClass('App\\Controllers...')
#3 [internal function]: spl_autoload_call('App\\Controllers...')
#4 C:\Users\Julie\Documents\WebDev\RD\Project Rep\a20ux1\system\CodeIgniter.php(869): class_exists('\\App\\Controller...', true)
#5 C:\Users\Julie\Documents\WebDev\RD\Project Rep\a20ux1\system\CodeIgniter.php(394): CodeIgniter\CodeIgniter->startController()
#6 C:\Users\Julie\Documents\WebDev\RD\Project Rep\a20ux1\system\CodeIgniter.php(312): CodeIgniter\CodeIgniter->handleRequest(NULL, Object(Config\Cache), false)
#7 C:\Users\Julie\Documents\WebDev\RD\Project Rep\a20ux1\public\index.php(45): CodeIgniter\CodeIgniter->run()
#8 {main}
CRITICAL - 2020-11-04 09:58:40 --> Access level to App\Models\User_model::$db must be protected (as in class CodeIgniter\Model) or weaker
#0 [internal function]: CodeIgniter\Debug\Exceptions->shutdownHandler()
#1 {main}
CRITICAL - 2020-11-04 09:58:59 --> Class 'User_model' not found
#0 C:\Users\Julie\Documents\WebDev\RD\Project Rep\a20ux1\system\CodeIgniter.php(890): App\Controllers\User->__construct()
#1 C:\Users\Julie\Documents\WebDev\RD\Project Rep\a20ux1\system\CodeIgniter.php(399): CodeIgniter\CodeIgniter->createController()
#2 C:\Users\Julie\Documents\WebDev\RD\Project Rep\a20ux1\system\CodeIgniter.php(312): CodeIgniter\CodeIgniter->handleRequest(NULL, Object(Config\Cache), false)
#3 C:\Users\Julie\Documents\WebDev\RD\Project Rep\a20ux1\public\index.php(45): CodeIgniter\CodeIgniter->run()
#4 {main}
CRITICAL - 2020-11-04 11:37:13 --> Invalid file: registrationstepstepone.php
#0 C:\Users\Julie\Documents\WebDev\RD\Project Rep\a20ux1\system\View\View.php(228): CodeIgniter\Exceptions\FrameworkException::forInvalidFile('registrationste...')
#1 C:\Users\Julie\Documents\WebDev\RD\Project Rep\a20ux1\system\Common.php(1119): CodeIgniter\View\View->render('registrationste...', Array, true)
#2 C:\Users\Julie\Documents\WebDev\RD\Project Rep\a20ux1\app\Controllers\Register.php(47): view('registrationste...', Array)
#3 C:\Users\Julie\Documents\WebDev\RD\Project Rep\a20ux1\system\CodeIgniter.php(918): App\Controllers\Register->save()
#4 C:\Users\Julie\Documents\WebDev\RD\Project Rep\a20ux1\system\CodeIgniter.php(404): CodeIgniter\CodeIgniter->runController(Object(App\Controllers\Register))
#5 C:\Users\Julie\Documents\WebDev\RD\Project Rep\a20ux1\system\CodeIgniter.php(312): CodeIgniter\CodeIgniter->handleRequest(NULL, Object(Config\Cache), false)
#6 C:\Users\Julie\Documents\WebDev\RD\Project Rep\a20ux1\public\index.php(45): CodeIgniter\CodeIgniter->run()
#7 {main}
CRITICAL - 2020-11-04 11:39:35 --> Invalid file: registrationstepstepone.php
#0 C:\Users\Julie\Documents\WebDev\RD\Project Rep\a20ux1\system\View\View.php(228): CodeIgniter\Exceptions\FrameworkException::forInvalidFile('registrationste...')
#1 C:\Users\Julie\Documents\WebDev\RD\Project Rep\a20ux1\system\Common.php(1119): CodeIgniter\View\View->render('registrationste...', Array, true)
#2 C:\Users\Julie\Documents\WebDev\RD\Project Rep\a20ux1\app\Controllers\Register.php(47): view('registrationste...', Array)
#3 C:\Users\Julie\Documents\WebDev\RD\Project Rep\a20ux1\system\CodeIgniter.php(918): App\Controllers\Register->save()
#4 C:\Users\Julie\Documents\WebDev\RD\Project Rep\a20ux1\system\CodeIgniter.php(404): CodeIgniter\CodeIgniter->runController(Object(App\Controllers\Register))
#5 C:\Users\Julie\Documents\WebDev\RD\Project Rep\a20ux1\system\CodeIgniter.php(312): CodeIgniter\CodeIgniter->handleRequest(NULL, Object(Config\Cache), false)
#6 C:\Users\Julie\Documents\WebDev\RD\Project Rep\a20ux1\public\index.php(45): CodeIgniter\CodeIgniter->run()
#7 {main}
CRITICAL - 2020-11-04 11:40:22 --> Invalid file: registrationstepstepone.php
#0 C:\Users\Julie\Documents\WebDev\RD\Project Rep\a20ux1\system\View\View.php(228): CodeIgniter\Exceptions\FrameworkException::forInvalidFile('registrationste...')
#1 C:\Users\Julie\Documents\WebDev\RD\Project Rep\a20ux1\system\Common.php(1119): CodeIgniter\View\View->render('registrationste...', Array, true)
#2 C:\Users\Julie\Documents\WebDev\RD\Project Rep\a20ux1\app\Controllers\Register.php(47): view('registrationste...', Array)
#3 C:\Users\Julie\Documents\WebDev\RD\Project Rep\a20ux1\system\CodeIgniter.php(918): App\Controllers\Register->save()
#4 C:\Users\Julie\Documents\WebDev\RD\Project Rep\a20ux1\system\CodeIgniter.php(404): CodeIgniter\CodeIgniter->runController(Object(App\Controllers\Register))
#5 C:\Users\Julie\Documents\WebDev\RD\Project Rep\a20ux1\system\CodeIgniter.php(312): CodeIgniter\CodeIgniter->handleRequest(NULL, Object(Config\Cache), false)
#6 C:\Users\Julie\Documents\WebDev\RD\Project Rep\a20ux1\public\index.php(45): CodeIgniter\CodeIgniter->run()
#7 {main}
CRITICAL - 2020-11-04 11:41:19 --> Invalid file: registrationstepstepone.php
#0 C:\Users\Julie\Documents\WebDev\RD\Project Rep\a20ux1\system\View\View.php(228): CodeIgniter\Exceptions\FrameworkException::forInvalidFile('registrationste...')
#1 C:\Users\Julie\Documents\WebDev\RD\Project Rep\a20ux1\system\Common.php(1119): CodeIgniter\View\View->render('registrationste...', Array, true)
#2 C:\Users\Julie\Documents\WebDev\RD\Project Rep\a20ux1\app\Controllers\Register.php(47): view('registrationste...', Array)
#3 C:\Users\Julie\Documents\WebDev\RD\Project Rep\a20ux1\system\CodeIgniter.php(918): App\Controllers\Register->save()
#4 C:\Users\Julie\Documents\WebDev\RD\Project Rep\a20ux1\system\CodeIgniter.php(404): CodeIgniter\CodeIgniter->runController(Object(App\Controllers\Register))
#5 C:\Users\Julie\Documents\WebDev\RD\Project Rep\a20ux1\system\CodeIgniter.php(312): CodeIgniter\CodeIgniter->handleRequest(NULL, Object(Config\Cache), false)
#6 C:\Users\Julie\Documents\WebDev\RD\Project Rep\a20ux1\public\index.php(45): CodeIgniter\CodeIgniter->run()
#7 {main}
CRITICAL - 2020-11-04 11:41:22 --> Invalid file: registrationstepstepone.php
#0 C:\Users\Julie\Documents\WebDev\RD\Project Rep\a20ux1\system\View\View.php(228): CodeIgniter\Exceptions\FrameworkException::forInvalidFile('registrationste...')
#1 C:\Users\Julie\Documents\WebDev\RD\Project Rep\a20ux1\system\Common.php(1119): CodeIgniter\View\View->render('registrationste...', Array, true)
#2 C:\Users\Julie\Documents\WebDev\RD\Project Rep\a20ux1\app\Controllers\Register.php(47): view('registrationste...', Array)
#3 C:\Users\Julie\Documents\WebDev\RD\Project Rep\a20ux1\system\CodeIgniter.php(918): App\Controllers\Register->save()
#4 C:\Users\Julie\Documents\WebDev\RD\Project Rep\a20ux1\system\CodeIgniter.php(404): CodeIgniter\CodeIgniter->runController(Object(App\Controllers\Register))
#5 C:\Users\Julie\Documents\WebDev\RD\Project Rep\a20ux1\system\CodeIgniter.php(312): CodeIgniter\CodeIgniter->handleRequest(NULL, Object(Config\Cache), false)
#6 C:\Users\Julie\Documents\WebDev\RD\Project Rep\a20ux1\public\index.php(45): CodeIgniter\CodeIgniter->run()
#7 {main}
CRITICAL - 2020-11-04 11:41:34 --> Invalid file: registrationstepstepone.php
#0 C:\Users\Julie\Documents\WebDev\RD\Project Rep\a20ux1\system\View\View.php(228): CodeIgniter\Exceptions\FrameworkException::forInvalidFile('registrationste...')
#1 C:\Users\Julie\Documents\WebDev\RD\Project Rep\a20ux1\system\Common.php(1119): CodeIgniter\View\View->render('registrationste...', Array, true)
#2 C:\Users\Julie\Documents\WebDev\RD\Project Rep\a20ux1\app\Controllers\Register.php(47): view('registrationste...', Array)
#3 C:\Users\Julie\Documents\WebDev\RD\Project Rep\a20ux1\system\CodeIgniter.php(918): App\Controllers\Register->save()
#4 C:\Users\Julie\Documents\WebDev\RD\Project Rep\a20ux1\system\CodeIgniter.php(404): CodeIgniter\CodeIgniter->runController(Object(App\Controllers\Register))
#5 C:\Users\Julie\Documents\WebDev\RD\Project Rep\a20ux1\system\CodeIgniter.php(312): CodeIgniter\CodeIgniter->handleRequest(NULL, Object(Config\Cache), false)
#6 C:\Users\Julie\Documents\WebDev\RD\Project Rep\a20ux1\public\index.php(45): CodeIgniter\CodeIgniter->run()
#7 {main}
CRITICAL - 2020-11-04 11:41:41 --> Invalid file: registrationstepstepone.php
#0 C:\Users\Julie\Documents\WebDev\RD\Project Rep\a20ux1\system\View\View.php(228): CodeIgniter\Exceptions\FrameworkException::forInvalidFile('registrationste...')
#1 C:\Users\Julie\Documents\WebDev\RD\Project Rep\a20ux1\system\Common.php(1119): CodeIgniter\View\View->render('registrationste...', Array, true)
#2 C:\Users\Julie\Documents\WebDev\RD\Project Rep\a20ux1\app\Controllers\Register.php(47): view('registrationste...', Array)
#3 C:\Users\Julie\Documents\WebDev\RD\Project Rep\a20ux1\system\CodeIgniter.php(918): App\Controllers\Register->save()
#4 C:\Users\Julie\Documents\WebDev\RD\Project Rep\a20ux1\system\CodeIgniter.php(404): CodeIgniter\CodeIgniter->runController(Object(App\Controllers\Register))
#5 C:\Users\Julie\Documents\WebDev\RD\Project Rep\a20ux1\system\CodeIgniter.php(312): CodeIgniter\CodeIgniter->handleRequest(NULL, Object(Config\Cache), false)
#6 C:\Users\Julie\Documents\WebDev\RD\Project Rep\a20ux1\public\index.php(45): CodeIgniter\CodeIgniter->run()
#7 {main}
CRITICAL - 2020-11-04 12:24:34 --> Invalid file: registrationstepstepone.php
#0 C:\Users\Julie\Documents\WebDev\RD\Project Rep\a20ux1\system\View\View.php(228): CodeIgniter\Exceptions\FrameworkException::forInvalidFile('registrationste...')
#1 C:\Users\Julie\Documents\WebDev\RD\Project Rep\a20ux1\system\Common.php(1119): CodeIgniter\View\View->render('registrationste...', Array, true)
#2 C:\Users\Julie\Documents\WebDev\RD\Project Rep\a20ux1\app\Controllers\Register.php(46): view('registrationste...', Array)
#3 C:\Users\Julie\Documents\WebDev\RD\Project Rep\a20ux1\system\CodeIgniter.php(918): App\Controllers\Register->save()
#4 C:\Users\Julie\Documents\WebDev\RD\Project Rep\a20ux1\system\CodeIgniter.php(404): CodeIgniter\CodeIgniter->runController(Object(App\Controllers\Register))
#5 C:\Users\Julie\Documents\WebDev\RD\Project Rep\a20ux1\system\CodeIgniter.php(312): CodeIgniter\CodeIgniter->handleRequest(NULL, Object(Config\Cache), false)
#6 C:\Users\Julie\Documents\WebDev\RD\Project Rep\a20ux1\public\index.php(45): CodeIgniter\CodeIgniter->run()
#7 {main}
CRITICAL - 2020-11-04 12:24:56 --> Invalid file: registrationstepstepone.php
#0 C:\Users\Julie\Documents\WebDev\RD\Project Rep\a20ux1\system\View\View.php(228): CodeIgniter\Exceptions\FrameworkException::forInvalidFile('registrationste...')
#1 C:\Users\Julie\Documents\WebDev\RD\Project Rep\a20ux1\system\Common.php(1119): CodeIgniter\View\View->render('registrationste...', Array, true)
#2 C:\Users\Julie\Documents\WebDev\RD\Project Rep\a20ux1\app\Controllers\Register.php(46): view('registrationste...', Array)
#3 C:\Users\Julie\Documents\WebDev\RD\Project Rep\a20ux1\system\CodeIgniter.php(918): App\Controllers\Register->save()
#4 C:\Users\Julie\Documents\WebDev\RD\Project Rep\a20ux1\system\CodeIgniter.php(404): CodeIgniter\CodeIgniter->runController(Object(App\Controllers\Register))
#5 C:\Users\Julie\Documents\WebDev\RD\Project Rep\a20ux1\system\CodeIgniter.php(312): CodeIgniter\CodeIgniter->handleRequest(NULL, Object(Config\Cache), false)
#6 C:\Users\Julie\Documents\WebDev\RD\Project Rep\a20ux1\public\index.php(45): CodeIgniter\CodeIgniter->run()
#7 {main}
CRITICAL - 2020-11-04 12:25:02 --> Invalid file: registrationstepstepone.php
#0 C:\Users\Julie\Documents\WebDev\RD\Project Rep\a20ux1\system\View\View.php(228): CodeIgniter\Exceptions\FrameworkException::forInvalidFile('registrationste...')
#1 C:\Users\Julie\Documents\WebDev\RD\Project Rep\a20ux1\system\Common.php(1119): CodeIgniter\View\View->render('registrationste...', Array, true)
#2 C:\Users\Julie\Documents\WebDev\RD\Project Rep\a20ux1\app\Controllers\Register.php(46): view('registrationste...', Array)
#3 C:\Users\Julie\Documents\WebDev\RD\Project Rep\a20ux1\system\CodeIgniter.php(918): App\Controllers\Register->save()
#4 C:\Users\Julie\Documents\WebDev\RD\Project Rep\a20ux1\system\CodeIgniter.php(404): CodeIgniter\CodeIgniter->runController(Object(App\Controllers\Register))
#5 C:\Users\Julie\Documents\WebDev\RD\Project Rep\a20ux1\system\CodeIgniter.php(312): CodeIgniter\CodeIgniter->handleRequest(NULL, Object(Config\Cache), false)
#6 C:\Users\Julie\Documents\WebDev\RD\Project Rep\a20ux1\public\index.php(45): CodeIgniter\CodeIgniter->run()
#7 {main}
CRITICAL - 2020-11-04 12:25:25 --> Invalid file: registrationstepstepone.php
#0 C:\Users\Julie\Documents\WebDev\RD\Project Rep\a20ux1\system\View\View.php(228): CodeIgniter\Exceptions\FrameworkException::forInvalidFile('registrationste...')
#1 C:\Users\Julie\Documents\WebDev\RD\Project Rep\a20ux1\system\Common.php(1119): CodeIgniter\View\View->render('registrationste...', Array, true)
#2 C:\Users\Julie\Documents\WebDev\RD\Project Rep\a20ux1\app\Controllers\Register.php(46): view('registrationste...', Array)
#3 C:\Users\Julie\Documents\WebDev\RD\Project Rep\a20ux1\system\CodeIgniter.php(918): App\Controllers\Register->save()
#4 C:\Users\Julie\Documents\WebDev\RD\Project Rep\a20ux1\system\CodeIgniter.php(404): CodeIgniter\CodeIgniter->runController(Object(App\Controllers\Register))
#5 C:\Users\Julie\Documents\WebDev\RD\Project Rep\a20ux1\system\CodeIgniter.php(312): CodeIgniter\CodeIgniter->handleRequest(NULL, Object(Config\Cache), false)
#6 C:\Users\Julie\Documents\WebDev\RD\Project Rep\a20ux1\public\index.php(45): CodeIgniter\CodeIgniter->run()
#7 {main}
CRITICAL - 2020-11-04 12:26:02 --> Invalid file: registrationstepstepone.php
#0 C:\Users\Julie\Documents\WebDev\RD\Project Rep\a20ux1\system\View\View.php(228): CodeIgniter\Exceptions\FrameworkException::forInvalidFile('registrationste...')
#1 C:\Users\Julie\Documents\WebDev\RD\Project Rep\a20ux1\system\Common.php(1119): CodeIgniter\View\View->render('registrationste...', Array, true)
#2 C:\Users\Julie\Documents\WebDev\RD\Project Rep\a20ux1\app\Controllers\Register.php(46): view('registrationste...', Array)
#3 C:\Users\Julie\Documents\WebDev\RD\Project Rep\a20ux1\system\CodeIgniter.php(918): App\Controllers\Register->save()
#4 C:\Users\Julie\Documents\WebDev\RD\Project Rep\a20ux1\system\CodeIgniter.php(404): CodeIgniter\CodeIgniter->runController(Object(App\Controllers\Register))
#5 C:\Users\Julie\Documents\WebDev\RD\Project Rep\a20ux1\system\CodeIgniter.php(312): CodeIgniter\CodeIgniter->handleRequest(NULL, Object(Config\Cache), false)
#6 C:\Users\Julie\Documents\WebDev\RD\Project Rep\a20ux1\public\index.php(45): CodeIgniter\CodeIgniter->run()
#7 {main}
CRITICAL - 2020-11-04 12:26:17 --> Invalid file: registrationstepstepone.php
#0 C:\Users\Julie\Documents\WebDev\RD\Project Rep\a20ux1\system\View\View.php(228): CodeIgniter\Exceptions\FrameworkException::forInvalidFile('registrationste...')
#1 C:\Users\Julie\Documents\WebDev\RD\Project Rep\a20ux1\system\Common.php(1119): CodeIgniter\View\View->render('registrationste...', Array, true)
#2 C:\Users\Julie\Documents\WebDev\RD\Project Rep\a20ux1\app\Controllers\Register.php(46): view('registrationste...', Array)
#3 C:\Users\Julie\Documents\WebDev\RD\Project Rep\a20ux1\system\CodeIgniter.php(918): App\Controllers\Register->save()
#4 C:\Users\Julie\Documents\WebDev\RD\Project Rep\a20ux1\system\CodeIgniter.php(404): CodeIgniter\CodeIgniter->runController(Object(App\Controllers\Register))
#5 C:\Users\Julie\Documents\WebDev\RD\Project Rep\a20ux1\system\CodeIgniter.php(312): CodeIgniter\CodeIgniter->handleRequest(NULL, Object(Config\Cache), false)
#6 C:\Users\Julie\Documents\WebDev\RD\Project Rep\a20ux1\public\index.php(45): CodeIgniter\CodeIgniter->run()
#7 {main}
CRITICAL - 2020-11-04 12:26:43 --> Invalid file: registrationstepstepone.php
#0 C:\Users\Julie\Documents\WebDev\RD\Project Rep\a20ux1\system\View\View.php(228): CodeIgniter\Exceptions\FrameworkException::forInvalidFile('registrationste...')
#1 C:\Users\Julie\Documents\WebDev\RD\Project Rep\a20ux1\system\Common.php(1119): CodeIgniter\View\View->render('registrationste...', Array, true)
#2 C:\Users\Julie\Documents\WebDev\RD\Project Rep\a20ux1\app\Controllers\Register.php(46): view('registrationste...', Array)
#3 C:\Users\Julie\Documents\WebDev\RD\Project Rep\a20ux1\system\CodeIgniter.php(918): App\Controllers\Register->save()
#4 C:\Users\Julie\Documents\WebDev\RD\Project Rep\a20ux1\system\CodeIgniter.php(404): CodeIgniter\CodeIgniter->runController(Object(App\Controllers\Register))
#5 C:\Users\Julie\Documents\WebDev\RD\Project Rep\a20ux1\system\CodeIgniter.php(312): CodeIgniter\CodeIgniter->handleRequest(NULL, Object(Config\Cache), false)
#6 C:\Users\Julie\Documents\WebDev\RD\Project Rep\a20ux1\public\index.php(45): CodeIgniter\CodeIgniter->run()
#7 {main}
CRITICAL - 2020-11-04 12:28:08 --> Invalid file: /registrationstepstepone.php
#0 C:\Users\Julie\Documents\WebDev\RD\Project Rep\a20ux1\system\View\View.php(228): CodeIgniter\Exceptions\FrameworkException::forInvalidFile('/registrationst...')
#1 C:\Users\Julie\Documents\WebDev\RD\Project Rep\a20ux1\system\Common.php(1119): CodeIgniter\View\View->render('/registrationst...', Array, true)
#2 C:\Users\Julie\Documents\WebDev\RD\Project Rep\a20ux1\app\Controllers\Register.php(46): view('/registrationst...', Array)
#3 C:\Users\Julie\Documents\WebDev\RD\Project Rep\a20ux1\system\CodeIgniter.php(918): App\Controllers\Register->save()
#4 C:\Users\Julie\Documents\WebDev\RD\Project Rep\a20ux1\system\CodeIgniter.php(404): CodeIgniter\CodeIgniter->runController(Object(App\Controllers\Register))
#5 C:\Users\Julie\Documents\WebDev\RD\Project Rep\a20ux1\system\CodeIgniter.php(312): CodeIgniter\CodeIgniter->handleRequest(NULL, Object(Config\Cache), false)
#6 C:\Users\Julie\Documents\WebDev\RD\Project Rep\a20ux1\public\index.php(45): CodeIgniter\CodeIgniter->run()
#7 {main}
CRITICAL - 2020-11-04 12:53:51 --> Invalid file: register.php
#0 C:\Users\Julie\Documents\WebDev\RD\Project Rep\a20ux1\system\View\View.php(228): CodeIgniter\Exceptions\FrameworkException::forInvalidFile('register.php')
#1 C:\Users\Julie\Documents\WebDev\RD\Project Rep\a20ux1\system\Common.php(1119): CodeIgniter\View\View->render('register', Array, true)
#2 C:\Users\Julie\Documents\WebDev\RD\Project Rep\a20ux1\app\Controllers\Register.php(47): view('register', Array)
#3 C:\Users\Julie\Documents\WebDev\RD\Project Rep\a20ux1\system\CodeIgniter.php(918): App\Controllers\Register->save()
#4 C:\Users\Julie\Documents\WebDev\RD\Project Rep\a20ux1\system\CodeIgniter.php(404): CodeIgniter\CodeIgniter->runController(Object(App\Controllers\Register))
#5 C:\Users\Julie\Documents\WebDev\RD\Project Rep\a20ux1\system\CodeIgniter.php(312): CodeIgniter\CodeIgniter->handleRequest(NULL, Object(Config\Cache), false)
#6 C:\Users\Julie\Documents\WebDev\RD\Project Rep\a20ux1\public\index.php(45): CodeIgniter\CodeIgniter->run()
#7 {main}
CRITICAL - 2020-11-04 13:07:23 --> Class 'Config\App\Filters\Auth' not found
#0 C:\Users\Julie\Documents\WebDev\RD\Project Rep\a20ux1\system\CodeIgniter.php(382): CodeIgniter\Filters\Filters->run('profile', 'before')
#1 C:\Users\Julie\Documents\WebDev\RD\Project Rep\a20ux1\system\CodeIgniter.php(312): CodeIgniter\CodeIgniter->handleRequest(NULL, Object(Config\Cache), false)
#2 C:\Users\Julie\Documents\WebDev\RD\Project Rep\a20ux1\public\index.php(45): CodeIgniter\CodeIgniter->run()
#3 {main}
CRITICAL - 2020-11-04 13:51:08 --> syntax error, unexpected '' (T_ENCAPSED_AND_WHITESPACE), expecting '-' or identifier (T_STRING) or variable (T_VARIABLE) or number (T_NUM_STRING)
#0 C:\Users\Julie\Documents\WebDev\RD\Project Rep\a20ux1\system\Autoloader\Autoloader.php(296): CodeIgniter\Autoloader\Autoloader->requireFile('C:\\Users\\Julie\\...')
#1 C:\Users\Julie\Documents\WebDev\RD\Project Rep\a20ux1\system\Autoloader\Autoloader.php(258): CodeIgniter\Autoloader\Autoloader->loadInNamespace('App\\Controllers...')
#2 [internal function]: CodeIgniter\Autoloader\Autoloader->loadClass('App\\Controllers...')
#3 [internal function]: spl_autoload_call('App\\Controllers...')
#4 C:\Users\Julie\Documents\WebDev\RD\Project Rep\a20ux1\system\CodeIgniter.php(869): class_exists('\\App\\Controller...', true)
#5 C:\Users\Julie\Documents\WebDev\RD\Project Rep\a20ux1\system\CodeIgniter.php(394): CodeIgniter\CodeIgniter->startController()
#6 C:\Users\Julie\Documents\WebDev\RD\Project Rep\a20ux1\system\CodeIgniter.php(312): CodeIgniter\CodeIgniter->handleRequest(NULL, Object(Config\Cache), false)
#7 C:\Users\Julie\Documents\WebDev\RD\Project Rep\a20ux1\public\index.php(45): CodeIgniter\CodeIgniter->run()
#8 {main}
CRITICAL - 2020-11-04 13:51:51 --> Invalid file: register.php
#0 C:\Users\Julie\Documents\WebDev\RD\Project Rep\a20ux1\system\View\View.php(228): CodeIgniter\Exceptions\FrameworkException::forInvalidFile('register.php')
#1 C:\Users\Julie\Documents\WebDev\RD\Project Rep\a20ux1\system\Common.php(1119): CodeIgniter\View\View->render('register', Array, true)
#2 C:\Users\Julie\Documents\WebDev\RD\Project Rep\a20ux1\app\Controllers\Register.php(46): view('register', Array)
#3 C:\Users\Julie\Documents\WebDev\RD\Project Rep\a20ux1\system\CodeIgniter.php(918): App\Controllers\Register->save()
#4 C:\Users\Julie\Documents\WebDev\RD\Project Rep\a20ux1\system\CodeIgniter.php(404): CodeIgniter\CodeIgniter->runController(Object(App\Controllers\Register))
#5 C:\Users\Julie\Documents\WebDev\RD\Project Rep\a20ux1\system\CodeIgniter.php(312): CodeIgniter\CodeIgniter->handleRequest(NULL, Object(Config\Cache), false)
#6 C:\Users\Julie\Documents\WebDev\RD\Project Rep\a20ux1\public\index.php(45): CodeIgniter\CodeIgniter->run()
#7 {main}
CRITICAL - 2020-11-04 14:12:56 --> syntax error, unexpected '}', expecting ';'
#0 C:\Users\Julie\Documents\WebDev\RD\Project Rep\a20ux1\system\Autoloader\Autoloader.php(296): CodeIgniter\Autoloader\Autoloader->requireFile('C:\\Users\\Julie\\...')
#1 C:\Users\Julie\Documents\WebDev\RD\Project Rep\a20ux1\system\Autoloader\Autoloader.php(258): CodeIgniter\Autoloader\Autoloader->loadInNamespace('App\\Controllers...')
#2 [internal function]: CodeIgniter\Autoloader\Autoloader->loadClass('App\\Controllers...')
#3 [internal function]: spl_autoload_call('App\\Controllers...')
#4 C:\Users\Julie\Documents\WebDev\RD\Project Rep\a20ux1\system\CodeIgniter.php(869): class_exists('\\App\\Controller...', true)
#5 C:\Users\Julie\Documents\WebDev\RD\Project Rep\a20ux1\system\CodeIgniter.php(394): CodeIgniter\CodeIgniter->startController()
#6 C:\Users\Julie\Documents\WebDev\RD\Project Rep\a20ux1\system\CodeIgniter.php(312): CodeIgniter\CodeIgniter->handleRequest(NULL, Object(Config\Cache), false)
#7 C:\Users\Julie\Documents\WebDev\RD\Project Rep\a20ux1\public\index.php(45): CodeIgniter\CodeIgniter->run()
#8 {main}
