CRITICAL - 2020-10-15 15:04:53 --> Invalid file: home.php
#0 C:\Users\lijne\Documents\intelliJ\a20ux1\system\View\View.php(228): CodeIgniter\Exceptions\FrameworkException::forInvalidFile('home.php')
#1 C:\Users\lijne\Documents\intelliJ\a20ux1\system\Common.php(1119): CodeIgniter\View\View->render('home', Array, true)
#2 C:\Users\lijne\Documents\intelliJ\a20ux1\app\Controllers\Home.php(12): view('home')
#3 C:\Users\lijne\Documents\intelliJ\a20ux1\system\CodeIgniter.php(918): App\Controllers\Home->index()
#4 C:\Users\lijne\Documents\intelliJ\a20ux1\system\CodeIgniter.php(404): CodeIgniter\CodeIgniter->runController(Object(App\Controllers\Home))
#5 C:\Users\lijne\Documents\intelliJ\a20ux1\system\CodeIgniter.php(312): CodeIgniter\CodeIgniter->handleRequest(NULL, Object(Config\Cache), false)
#6 C:\Users\lijne\Documents\intelliJ\a20ux1\public\index.php(45): CodeIgniter\CodeIgniter->run()
#7 {main}
CRITICAL - 2020-10-15 15:04:58 --> Invalid file: home.php
#0 C:\Users\lijne\Documents\intelliJ\a20ux1\system\View\View.php(228): CodeIgniter\Exceptions\FrameworkException::forInvalidFile('home.php')
#1 C:\Users\lijne\Documents\intelliJ\a20ux1\system\Common.php(1119): CodeIgniter\View\View->render('home', Array, true)
#2 C:\Users\lijne\Documents\intelliJ\a20ux1\app\Controllers\Home.php(12): view('home')
#3 C:\Users\lijne\Documents\intelliJ\a20ux1\system\CodeIgniter.php(918): App\Controllers\Home->index()
#4 C:\Users\lijne\Documents\intelliJ\a20ux1\system\CodeIgniter.php(404): CodeIgniter\CodeIgniter->runController(Object(App\Controllers\Home))
#5 C:\Users\lijne\Documents\intelliJ\a20ux1\system\CodeIgniter.php(312): CodeIgniter\CodeIgniter->handleRequest(NULL, Object(Config\Cache), false)
#6 C:\Users\lijne\Documents\intelliJ\a20ux1\public\index.php(45): CodeIgniter\CodeIgniter->run()
#7 {main}
CRITICAL - 2020-10-15 15:05:06 --> Invalid file: home.php
#0 C:\Users\lijne\Documents\intelliJ\a20ux1\system\View\View.php(228): CodeIgniter\Exceptions\FrameworkException::forInvalidFile('home.php')
#1 C:\Users\lijne\Documents\intelliJ\a20ux1\system\Common.php(1119): CodeIgniter\View\View->render('home', Array, true)
#2 C:\Users\lijne\Documents\intelliJ\a20ux1\app\Controllers\Home.php(12): view('home')
#3 C:\Users\lijne\Documents\intelliJ\a20ux1\system\CodeIgniter.php(918): App\Controllers\Home->index()
#4 C:\Users\lijne\Documents\intelliJ\a20ux1\system\CodeIgniter.php(404): CodeIgniter\CodeIgniter->runController(Object(App\Controllers\Home))
#5 C:\Users\lijne\Documents\intelliJ\a20ux1\system\CodeIgniter.php(312): CodeIgniter\CodeIgniter->handleRequest(NULL, Object(Config\Cache), false)
#6 C:\Users\lijne\Documents\intelliJ\a20ux1\public\index.php(45): CodeIgniter\CodeIgniter->run()
#7 {main}
CRITICAL - 2020-10-15 15:05:17 --> Invalid argument supplied for foreach()
#0 C:\Users\lijne\Documents\intelliJ\a20ux1\app\Views\main.php(18): CodeIgniter\Debug\Exceptions->errorHandler(2, 'Invalid argumen...', 'C:\\Users\\lijne\\...', 18, Array)
#1 C:\Users\lijne\Documents\intelliJ\a20ux1\system\View\View.php(246): include('C:\\Users\\lijne\\...')
#2 C:\Users\lijne\Documents\intelliJ\a20ux1\system\Common.php(1119): CodeIgniter\View\View->render('main', Array, true)
#3 C:\Users\lijne\Documents\intelliJ\a20ux1\app\Controllers\Home.php(12): view('main')
#4 C:\Users\lijne\Documents\intelliJ\a20ux1\system\CodeIgniter.php(918): App\Controllers\Home->index()
#5 C:\Users\lijne\Documents\intelliJ\a20ux1\system\CodeIgniter.php(404): CodeIgniter\CodeIgniter->runController(Object(App\Controllers\Home))
#6 C:\Users\lijne\Documents\intelliJ\a20ux1\system\CodeIgniter.php(312): CodeIgniter\CodeIgniter->handleRequest(NULL, Object(Config\Cache), false)
#7 C:\Users\lijne\Documents\intelliJ\a20ux1\public\index.php(45): CodeIgniter\CodeIgniter->run()
#8 {main}
CRITICAL - 2020-10-15 15:05:20 --> Invalid argument supplied for foreach()
#0 C:\Users\lijne\Documents\intelliJ\a20ux1\app\Views\main.php(18): CodeIgniter\Debug\Exceptions->errorHandler(2, 'Invalid argumen...', 'C:\\Users\\lijne\\...', 18, Array)
#1 C:\Users\lijne\Documents\intelliJ\a20ux1\system\View\View.php(246): include('C:\\Users\\lijne\\...')
#2 C:\Users\lijne\Documents\intelliJ\a20ux1\system\Common.php(1119): CodeIgniter\View\View->render('main', Array, true)
#3 C:\Users\lijne\Documents\intelliJ\a20ux1\app\Controllers\Home.php(12): view('main')
#4 C:\Users\lijne\Documents\intelliJ\a20ux1\system\CodeIgniter.php(918): App\Controllers\Home->index()
#5 C:\Users\lijne\Documents\intelliJ\a20ux1\system\CodeIgniter.php(404): CodeIgniter\CodeIgniter->runController(Object(App\Controllers\Home))
#6 C:\Users\lijne\Documents\intelliJ\a20ux1\system\CodeIgniter.php(312): CodeIgniter\CodeIgniter->handleRequest(NULL, Object(Config\Cache), false)
#7 C:\Users\lijne\Documents\intelliJ\a20ux1\public\index.php(45): CodeIgniter\CodeIgniter->run()
#8 {main}
CRITICAL - 2020-10-15 15:05:27 --> Invalid argument supplied for foreach()
#0 C:\Users\lijne\Documents\intelliJ\a20ux1\app\Views\main.php(18): CodeIgniter\Debug\Exceptions->errorHandler(2, 'Invalid argumen...', 'C:\\Users\\lijne\\...', 18, Array)
#1 C:\Users\lijne\Documents\intelliJ\a20ux1\system\View\View.php(246): include('C:\\Users\\lijne\\...')
#2 C:\Users\lijne\Documents\intelliJ\a20ux1\system\Common.php(1119): CodeIgniter\View\View->render('main', Array, true)
#3 C:\Users\lijne\Documents\intelliJ\a20ux1\app\Controllers\Home.php(12): view('main')
#4 C:\Users\lijne\Documents\intelliJ\a20ux1\system\CodeIgniter.php(918): App\Controllers\Home->index()
#5 C:\Users\lijne\Documents\intelliJ\a20ux1\system\CodeIgniter.php(404): CodeIgniter\CodeIgniter->runController(Object(App\Controllers\Home))
#6 C:\Users\lijne\Documents\intelliJ\a20ux1\system\CodeIgniter.php(312): CodeIgniter\CodeIgniter->handleRequest(NULL, Object(Config\Cache), false)
#7 C:\Users\lijne\Documents\intelliJ\a20ux1\public\index.php(45): CodeIgniter\CodeIgniter->run()
#8 {main}
CRITICAL - 2020-10-15 15:05:31 --> Invalid argument supplied for foreach()
#0 C:\Users\lijne\Documents\intelliJ\a20ux1\app\Views\main.php(18): CodeIgniter\Debug\Exceptions->errorHandler(2, 'Invalid argumen...', 'C:\\Users\\lijne\\...', 18, Array)
#1 C:\Users\lijne\Documents\intelliJ\a20ux1\system\View\View.php(246): include('C:\\Users\\lijne\\...')
#2 C:\Users\lijne\Documents\intelliJ\a20ux1\system\Common.php(1119): CodeIgniter\View\View->render('main', Array, true)
#3 C:\Users\lijne\Documents\intelliJ\a20ux1\app\Controllers\Home.php(12): view('main')
#4 C:\Users\lijne\Documents\intelliJ\a20ux1\system\CodeIgniter.php(918): App\Controllers\Home->index()
#5 C:\Users\lijne\Documents\intelliJ\a20ux1\system\CodeIgniter.php(404): CodeIgniter\CodeIgniter->runController(Object(App\Controllers\Home))
#6 C:\Users\lijne\Documents\intelliJ\a20ux1\system\CodeIgniter.php(312): CodeIgniter\CodeIgniter->handleRequest(NULL, Object(Config\Cache), false)
#7 C:\Users\lijne\Documents\intelliJ\a20ux1\public\index.php(45): CodeIgniter\CodeIgniter->run()
#8 {main}
CRITICAL - 2020-10-15 15:05:49 --> Invalid argument supplied for foreach()
#0 C:\Users\lijne\Documents\intelliJ\a20ux1\app\Views\main.php(18): CodeIgniter\Debug\Exceptions->errorHandler(2, 'Invalid argumen...', 'C:\\Users\\lijne\\...', 18, Array)
#1 C:\Users\lijne\Documents\intelliJ\a20ux1\system\View\View.php(246): include('C:\\Users\\lijne\\...')
#2 C:\Users\lijne\Documents\intelliJ\a20ux1\system\Common.php(1119): CodeIgniter\View\View->render('main', Array, true)
#3 C:\Users\lijne\Documents\intelliJ\a20ux1\app\Controllers\Home.php(12): view('main')
#4 C:\Users\lijne\Documents\intelliJ\a20ux1\system\CodeIgniter.php(918): App\Controllers\Home->index()
#5 C:\Users\lijne\Documents\intelliJ\a20ux1\system\CodeIgniter.php(404): CodeIgniter\CodeIgniter->runController(Object(App\Controllers\Home))
#6 C:\Users\lijne\Documents\intelliJ\a20ux1\system\CodeIgniter.php(312): CodeIgniter\CodeIgniter->handleRequest(NULL, Object(Config\Cache), false)
#7 C:\Users\lijne\Documents\intelliJ\a20ux1\public\index.php(45): CodeIgniter\CodeIgniter->run()
#8 {main}
CRITICAL - 2020-10-15 15:12:01 --> Invalid argument supplied for foreach()
#0 C:\Users\lijne\Documents\intelliJ\a20ux1\app\Views\main.php(18): CodeIgniter\Debug\Exceptions->errorHandler(2, 'Invalid argumen...', 'C:\\Users\\lijne\\...', 18, Array)
#1 C:\Users\lijne\Documents\intelliJ\a20ux1\system\View\View.php(246): include('C:\\Users\\lijne\\...')
#2 C:\Users\lijne\Documents\intelliJ\a20ux1\system\Common.php(1119): CodeIgniter\View\View->render('main', Array, true)
#3 C:\Users\lijne\Documents\intelliJ\a20ux1\app\Controllers\Home.php(12): view('main')
#4 C:\Users\lijne\Documents\intelliJ\a20ux1\system\CodeIgniter.php(918): App\Controllers\Home->index()
#5 C:\Users\lijne\Documents\intelliJ\a20ux1\system\CodeIgniter.php(404): CodeIgniter\CodeIgniter->runController(Object(App\Controllers\Home))
#6 C:\Users\lijne\Documents\intelliJ\a20ux1\system\CodeIgniter.php(312): CodeIgniter\CodeIgniter->handleRequest(NULL, Object(Config\Cache), false)
#7 C:\Users\lijne\Documents\intelliJ\a20ux1\public\index.php(45): CodeIgniter\CodeIgniter->run()
#8 {main}
CRITICAL - 2020-10-15 15:12:26 --> Invalid argument supplied for foreach()
#0 C:\Users\lijne\Documents\intelliJ\a20ux1\app\Views\index.php(18): CodeIgniter\Debug\Exceptions->errorHandler(2, 'Invalid argumen...', 'C:\\Users\\lijne\\...', 18, Array)
#1 C:\Users\lijne\Documents\intelliJ\a20ux1\system\View\View.php(246): include('C:\\Users\\lijne\\...')
#2 C:\Users\lijne\Documents\intelliJ\a20ux1\system\Common.php(1119): CodeIgniter\View\View->render('index', Array, true)
#3 C:\Users\lijne\Documents\intelliJ\a20ux1\app\Controllers\Home.php(12): view('index')
#4 C:\Users\lijne\Documents\intelliJ\a20ux1\system\CodeIgniter.php(918): App\Controllers\Home->index()
#5 C:\Users\lijne\Documents\intelliJ\a20ux1\system\CodeIgniter.php(404): CodeIgniter\CodeIgniter->runController(Object(App\Controllers\Home))
#6 C:\Users\lijne\Documents\intelliJ\a20ux1\system\CodeIgniter.php(312): CodeIgniter\CodeIgniter->handleRequest(NULL, Object(Config\Cache), false)
#7 C:\Users\lijne\Documents\intelliJ\a20ux1\public\index.php(45): CodeIgniter\CodeIgniter->run()
#8 {main}
CRITICAL - 2020-10-15 15:12:27 --> Invalid argument supplied for foreach()
#0 C:\Users\lijne\Documents\intelliJ\a20ux1\app\Views\index.php(18): CodeIgniter\Debug\Exceptions->errorHandler(2, 'Invalid argumen...', 'C:\\Users\\lijne\\...', 18, Array)
#1 C:\Users\lijne\Documents\intelliJ\a20ux1\system\View\View.php(246): include('C:\\Users\\lijne\\...')
#2 C:\Users\lijne\Documents\intelliJ\a20ux1\system\Common.php(1119): CodeIgniter\View\View->render('index', Array, true)
#3 C:\Users\lijne\Documents\intelliJ\a20ux1\app\Controllers\Home.php(12): view('index')
#4 C:\Users\lijne\Documents\intelliJ\a20ux1\system\CodeIgniter.php(918): App\Controllers\Home->index()
#5 C:\Users\lijne\Documents\intelliJ\a20ux1\system\CodeIgniter.php(404): CodeIgniter\CodeIgniter->runController(Object(App\Controllers\Home))
#6 C:\Users\lijne\Documents\intelliJ\a20ux1\system\CodeIgniter.php(312): CodeIgniter\CodeIgniter->handleRequest(NULL, Object(Config\Cache), false)
#7 C:\Users\lijne\Documents\intelliJ\a20ux1\public\index.php(45): CodeIgniter\CodeIgniter->run()
#8 {main}
CRITICAL - 2020-10-15 15:12:29 --> Invalid argument supplied for foreach()
#0 C:\Users\lijne\Documents\intelliJ\a20ux1\app\Views\index.php(18): CodeIgniter\Debug\Exceptions->errorHandler(2, 'Invalid argumen...', 'C:\\Users\\lijne\\...', 18, Array)
#1 C:\Users\lijne\Documents\intelliJ\a20ux1\system\View\View.php(246): include('C:\\Users\\lijne\\...')
#2 C:\Users\lijne\Documents\intelliJ\a20ux1\system\Common.php(1119): CodeIgniter\View\View->render('index', Array, true)
#3 C:\Users\lijne\Documents\intelliJ\a20ux1\app\Controllers\Home.php(12): view('index')
#4 C:\Users\lijne\Documents\intelliJ\a20ux1\system\CodeIgniter.php(918): App\Controllers\Home->index()
#5 C:\Users\lijne\Documents\intelliJ\a20ux1\system\CodeIgniter.php(404): CodeIgniter\CodeIgniter->runController(Object(App\Controllers\Home))
#6 C:\Users\lijne\Documents\intelliJ\a20ux1\system\CodeIgniter.php(312): CodeIgniter\CodeIgniter->handleRequest(NULL, Object(Config\Cache), false)
#7 C:\Users\lijne\Documents\intelliJ\a20ux1\public\index.php(45): CodeIgniter\CodeIgniter->run()
#8 {main}
CRITICAL - 2020-10-15 15:12:34 --> Invalid argument supplied for foreach()
#0 C:\Users\lijne\Documents\intelliJ\a20ux1\app\Views\index.php(18): CodeIgniter\Debug\Exceptions->errorHandler(2, 'Invalid argumen...', 'C:\\Users\\lijne\\...', 18, Array)
#1 C:\Users\lijne\Documents\intelliJ\a20ux1\system\View\View.php(246): include('C:\\Users\\lijne\\...')
#2 C:\Users\lijne\Documents\intelliJ\a20ux1\system\Common.php(1119): CodeIgniter\View\View->render('index', Array, true)
#3 C:\Users\lijne\Documents\intelliJ\a20ux1\app\Controllers\Home.php(12): view('index')
#4 C:\Users\lijne\Documents\intelliJ\a20ux1\system\CodeIgniter.php(918): App\Controllers\Home->index()
#5 C:\Users\lijne\Documents\intelliJ\a20ux1\system\CodeIgniter.php(404): CodeIgniter\CodeIgniter->runController(Object(App\Controllers\Home))
#6 C:\Users\lijne\Documents\intelliJ\a20ux1\system\CodeIgniter.php(312): CodeIgniter\CodeIgniter->handleRequest(NULL, Object(Config\Cache), false)
#7 C:\Users\lijne\Documents\intelliJ\a20ux1\public\index.php(45): CodeIgniter\CodeIgniter->run()
#8 {main}
