CRITICAL - 2020-11-18 06:33:15 --> Invalid file: index.php
#0 C:\Users\Julie\Documents\WebDev\RD\Project Rep\a20ux1\system\View\View.php(228): CodeIgniter\Exceptions\FrameworkException::forInvalidFile('index.php')
#1 C:\Users\Julie\Documents\WebDev\RD\Project Rep\a20ux1\system\Common.php(1119): CodeIgniter\View\View->render('index', Array, true)
#2 C:\Users\Julie\Documents\WebDev\RD\Project Rep\a20ux1\app\Controllers\ShareController.php(25): view('index')
#3 C:\Users\Julie\Documents\WebDev\RD\Project Rep\a20ux1\system\CodeIgniter.php(918): App\Controllers\ShareController->share()
#4 C:\Users\Julie\Documents\WebDev\RD\Project Rep\a20ux1\system\CodeIgniter.php(404): CodeIgniter\CodeIgniter->runController(Object(App\Controllers\ShareController))
#5 C:\Users\Julie\Documents\WebDev\RD\Project Rep\a20ux1\system\CodeIgniter.php(312): CodeIgniter\CodeIgniter->handleRequest(NULL, Object(Config\Cache), false)
#6 C:\Users\Julie\Documents\WebDev\RD\Project Rep\a20ux1\public\index.php(45): CodeIgniter\CodeIgniter->run()
#7 {main}
CRITICAL - 2020-11-18 06:33:49 --> Invalid file: index.php
#0 C:\Users\Julie\Documents\WebDev\RD\Project Rep\a20ux1\system\View\View.php(228): CodeIgniter\Exceptions\FrameworkException::forInvalidFile('index.php')
#1 C:\Users\Julie\Documents\WebDev\RD\Project Rep\a20ux1\system\Common.php(1119): CodeIgniter\View\View->render('index', Array, true)
#2 C:\Users\Julie\Documents\WebDev\RD\Project Rep\a20ux1\app\Controllers\ShareController.php(25): view('index')
#3 C:\Users\Julie\Documents\WebDev\RD\Project Rep\a20ux1\system\CodeIgniter.php(918): App\Controllers\ShareController->share()
#4 C:\Users\Julie\Documents\WebDev\RD\Project Rep\a20ux1\system\CodeIgniter.php(404): CodeIgniter\CodeIgniter->runController(Object(App\Controllers\ShareController))
#5 C:\Users\Julie\Documents\WebDev\RD\Project Rep\a20ux1\system\CodeIgniter.php(312): CodeIgniter\CodeIgniter->handleRequest(NULL, Object(Config\Cache), false)
#6 C:\Users\Julie\Documents\WebDev\RD\Project Rep\a20ux1\public\index.php(45): CodeIgniter\CodeIgniter->run()
#7 {main}
CRITICAL - 2020-11-18 06:34:32 --> Invalid file: index.php
#0 C:\Users\Julie\Documents\WebDev\RD\Project Rep\a20ux1\system\View\View.php(228): CodeIgniter\Exceptions\FrameworkException::forInvalidFile('index.php')
#1 C:\Users\Julie\Documents\WebDev\RD\Project Rep\a20ux1\system\Common.php(1119): CodeIgniter\View\View->render('index', Array, true)
#2 C:\Users\Julie\Documents\WebDev\RD\Project Rep\a20ux1\app\Controllers\ShareController.php(25): view('index')
#3 C:\Users\Julie\Documents\WebDev\RD\Project Rep\a20ux1\system\CodeIgniter.php(918): App\Controllers\ShareController->share()
#4 C:\Users\Julie\Documents\WebDev\RD\Project Rep\a20ux1\system\CodeIgniter.php(404): CodeIgniter\CodeIgniter->runController(Object(App\Controllers\ShareController))
#5 C:\Users\Julie\Documents\WebDev\RD\Project Rep\a20ux1\system\CodeIgniter.php(312): CodeIgniter\CodeIgniter->handleRequest(NULL, Object(Config\Cache), false)
#6 C:\Users\Julie\Documents\WebDev\RD\Project Rep\a20ux1\public\index.php(45): CodeIgniter\CodeIgniter->run()
#7 {main}
CRITICAL - 2020-11-18 09:35:14 --> Call to undefined method App\Models\Share_model::get_friends
#0 C:\Users\Julie\Documents\WebDev\RD\Project Rep\a20ux1\app\Controllers\ShareController.php(30): CodeIgniter\Model->__call('get_friends', Array)
#1 C:\Users\Julie\Documents\WebDev\RD\Project Rep\a20ux1\system\CodeIgniter.php(918): App\Controllers\ShareController->getFriends()
#2 C:\Users\Julie\Documents\WebDev\RD\Project Rep\a20ux1\system\CodeIgniter.php(404): CodeIgniter\CodeIgniter->runController(Object(App\Controllers\ShareController))
#3 C:\Users\Julie\Documents\WebDev\RD\Project Rep\a20ux1\system\CodeIgniter.php(312): CodeIgniter\CodeIgniter->handleRequest(NULL, Object(Config\Cache), false)
#4 C:\Users\Julie\Documents\WebDev\RD\Project Rep\a20ux1\public\index.php(45): CodeIgniter\CodeIgniter->run()
#5 {main}
CRITICAL - 2020-11-18 17:46:32 --> Call to undefined method App\Models\Share_model::get_friends
#0 C:\Users\Julie\Documents\WebDev\RD\Project Rep\a20ux1\app\Controllers\ShareController.php(30): CodeIgniter\Model->__call('get_friends', Array)
#1 C:\Users\Julie\Documents\WebDev\RD\Project Rep\a20ux1\system\CodeIgniter.php(918): App\Controllers\ShareController->getFriends()
#2 C:\Users\Julie\Documents\WebDev\RD\Project Rep\a20ux1\system\CodeIgniter.php(404): CodeIgniter\CodeIgniter->runController(Object(App\Controllers\ShareController))
#3 C:\Users\Julie\Documents\WebDev\RD\Project Rep\a20ux1\system\CodeIgniter.php(312): CodeIgniter\CodeIgniter->handleRequest(NULL, Object(Config\Cache), false)
#4 C:\Users\Julie\Documents\WebDev\RD\Project Rep\a20ux1\public\index.php(45): CodeIgniter\CodeIgniter->run()
#5 {main}
CRITICAL - 2020-11-18 17:46:48 --> Call to undefined method App\Models\Share_model::get_friends
#0 C:\Users\Julie\Documents\WebDev\RD\Project Rep\a20ux1\app\Controllers\ShareController.php(30): CodeIgniter\Model->__call('get_friends', Array)
#1 C:\Users\Julie\Documents\WebDev\RD\Project Rep\a20ux1\system\CodeIgniter.php(918): App\Controllers\ShareController->getFriends()
#2 C:\Users\Julie\Documents\WebDev\RD\Project Rep\a20ux1\system\CodeIgniter.php(404): CodeIgniter\CodeIgniter->runController(Object(App\Controllers\ShareController))
#3 C:\Users\Julie\Documents\WebDev\RD\Project Rep\a20ux1\system\CodeIgniter.php(312): CodeIgniter\CodeIgniter->handleRequest(NULL, Object(Config\Cache), false)
#4 C:\Users\Julie\Documents\WebDev\RD\Project Rep\a20ux1\public\index.php(45): CodeIgniter\CodeIgniter->run()
#5 {main}
CRITICAL - 2020-11-18 17:47:03 --> Call to undefined method App\Models\Share_model::get_friends
#0 C:\Users\Julie\Documents\WebDev\RD\Project Rep\a20ux1\app\Controllers\ShareController.php(30): CodeIgniter\Model->__call('get_friends', Array)
#1 C:\Users\Julie\Documents\WebDev\RD\Project Rep\a20ux1\system\CodeIgniter.php(918): App\Controllers\ShareController->getFriends()
#2 C:\Users\Julie\Documents\WebDev\RD\Project Rep\a20ux1\system\CodeIgniter.php(404): CodeIgniter\CodeIgniter->runController(Object(App\Controllers\ShareController))
#3 C:\Users\Julie\Documents\WebDev\RD\Project Rep\a20ux1\system\CodeIgniter.php(312): CodeIgniter\CodeIgniter->handleRequest(NULL, Object(Config\Cache), false)
#4 C:\Users\Julie\Documents\WebDev\RD\Project Rep\a20ux1\public\index.php(45): CodeIgniter\CodeIgniter->run()
#5 {main}
CRITICAL - 2020-11-18 17:47:05 --> Call to undefined method App\Models\Share_model::get_friends
#0 C:\Users\Julie\Documents\WebDev\RD\Project Rep\a20ux1\app\Controllers\ShareController.php(30): CodeIgniter\Model->__call('get_friends', Array)
#1 C:\Users\Julie\Documents\WebDev\RD\Project Rep\a20ux1\system\CodeIgniter.php(918): App\Controllers\ShareController->getFriends()
#2 C:\Users\Julie\Documents\WebDev\RD\Project Rep\a20ux1\system\CodeIgniter.php(404): CodeIgniter\CodeIgniter->runController(Object(App\Controllers\ShareController))
#3 C:\Users\Julie\Documents\WebDev\RD\Project Rep\a20ux1\system\CodeIgniter.php(312): CodeIgniter\CodeIgniter->handleRequest(NULL, Object(Config\Cache), false)
#4 C:\Users\Julie\Documents\WebDev\RD\Project Rep\a20ux1\public\index.php(45): CodeIgniter\CodeIgniter->run()
#5 {main}
CRITICAL - 2020-11-18 17:47:35 --> Call to undefined method App\Models\Share_model::get_friends
#0 C:\Users\Julie\Documents\WebDev\RD\Project Rep\a20ux1\app\Controllers\ShareController.php(30): CodeIgniter\Model->__call('get_friends', Array)
#1 C:\Users\Julie\Documents\WebDev\RD\Project Rep\a20ux1\system\CodeIgniter.php(918): App\Controllers\ShareController->getFriends()
#2 C:\Users\Julie\Documents\WebDev\RD\Project Rep\a20ux1\system\CodeIgniter.php(404): CodeIgniter\CodeIgniter->runController(Object(App\Controllers\ShareController))
#3 C:\Users\Julie\Documents\WebDev\RD\Project Rep\a20ux1\system\CodeIgniter.php(312): CodeIgniter\CodeIgniter->handleRequest(NULL, Object(Config\Cache), false)
#4 C:\Users\Julie\Documents\WebDev\RD\Project Rep\a20ux1\public\index.php(45): CodeIgniter\CodeIgniter->run()
#5 {main}
CRITICAL - 2020-11-18 17:49:17 --> Call to undefined method App\Models\Share_model::get_friends
#0 C:\Users\Julie\Documents\WebDev\RD\Project Rep\a20ux1\app\Controllers\ShareController.php(30): CodeIgniter\Model->__call('get_friends', Array)
#1 C:\Users\Julie\Documents\WebDev\RD\Project Rep\a20ux1\system\CodeIgniter.php(918): App\Controllers\ShareController->getFriends()
#2 C:\Users\Julie\Documents\WebDev\RD\Project Rep\a20ux1\system\CodeIgniter.php(404): CodeIgniter\CodeIgniter->runController(Object(App\Controllers\ShareController))
#3 C:\Users\Julie\Documents\WebDev\RD\Project Rep\a20ux1\system\CodeIgniter.php(312): CodeIgniter\CodeIgniter->handleRequest(NULL, Object(Config\Cache), false)
#4 C:\Users\Julie\Documents\WebDev\RD\Project Rep\a20ux1\public\index.php(45): CodeIgniter\CodeIgniter->run()
#5 {main}
CRITICAL - 2020-11-18 17:49:25 --> Call to undefined method App\Models\Share_model::get_friends
#0 C:\Users\Julie\Documents\WebDev\RD\Project Rep\a20ux1\app\Controllers\ShareController.php(30): CodeIgniter\Model->__call('get_friends', Array)
#1 C:\Users\Julie\Documents\WebDev\RD\Project Rep\a20ux1\system\CodeIgniter.php(918): App\Controllers\ShareController->getFriends()
#2 C:\Users\Julie\Documents\WebDev\RD\Project Rep\a20ux1\system\CodeIgniter.php(404): CodeIgniter\CodeIgniter->runController(Object(App\Controllers\ShareController))
#3 C:\Users\Julie\Documents\WebDev\RD\Project Rep\a20ux1\system\CodeIgniter.php(312): CodeIgniter\CodeIgniter->handleRequest(NULL, Object(Config\Cache), false)
#4 C:\Users\Julie\Documents\WebDev\RD\Project Rep\a20ux1\public\index.php(45): CodeIgniter\CodeIgniter->run()
#5 {main}
CRITICAL - 2020-11-18 18:59:53 --> sprintf(): Too few arguments
#0 [internal function]: CodeIgniter\Debug\Exceptions->errorHandler(2, 'sprintf(): Too ...', 'C:\\Users\\Julie\\...', 37, Array)
#1 C:\Users\Julie\Documents\WebDev\RD\Project Rep\a20ux1\app\Models\Friends_model.php(37): sprintf('DELETE FROM `a2...', '11', NULL)
#2 C:\Users\Julie\Documents\WebDev\RD\Project Rep\a20ux1\app\Controllers\Friends.php(77): App\Models\Friends_model->unfriend('11', NULL)
#3 C:\Users\Julie\Documents\WebDev\RD\Project Rep\a20ux1\system\CodeIgniter.php(918): App\Controllers\Friends->unfriend()
#4 C:\Users\Julie\Documents\WebDev\RD\Project Rep\a20ux1\system\CodeIgniter.php(404): CodeIgniter\CodeIgniter->runController(Object(App\Controllers\Friends))
#5 C:\Users\Julie\Documents\WebDev\RD\Project Rep\a20ux1\system\CodeIgniter.php(312): CodeIgniter\CodeIgniter->handleRequest(NULL, Object(Config\Cache), false)
#6 C:\Users\Julie\Documents\WebDev\RD\Project Rep\a20ux1\public\index.php(45): CodeIgniter\CodeIgniter->run()
#7 {main}
CRITICAL - 2020-11-18 18:59:53 --> sprintf(): Too few arguments
#0 [internal function]: CodeIgniter\Debug\Exceptions->errorHandler(2, 'sprintf(): Too ...', 'C:\\Users\\Julie\\...', 37, Array)
#1 C:\Users\Julie\Documents\WebDev\RD\Project Rep\a20ux1\app\Models\Friends_model.php(37): sprintf('DELETE FROM `a2...', '11', NULL)
#2 C:\Users\Julie\Documents\WebDev\RD\Project Rep\a20ux1\app\Controllers\Friends.php(77): App\Models\Friends_model->unfriend('11', NULL)
#3 C:\Users\Julie\Documents\WebDev\RD\Project Rep\a20ux1\system\CodeIgniter.php(918): App\Controllers\Friends->unfriend()
#4 C:\Users\Julie\Documents\WebDev\RD\Project Rep\a20ux1\system\CodeIgniter.php(404): CodeIgniter\CodeIgniter->runController(Object(App\Controllers\Friends))
#5 C:\Users\Julie\Documents\WebDev\RD\Project Rep\a20ux1\system\CodeIgniter.php(312): CodeIgniter\CodeIgniter->handleRequest(NULL, Object(Config\Cache), false)
#6 C:\Users\Julie\Documents\WebDev\RD\Project Rep\a20ux1\public\index.php(45): CodeIgniter\CodeIgniter->run()
#7 {main}
CRITICAL - 2020-11-18 18:59:54 --> sprintf(): Too few arguments
#0 [internal function]: CodeIgniter\Debug\Exceptions->errorHandler(2, 'sprintf(): Too ...', 'C:\\Users\\Julie\\...', 37, Array)
#1 C:\Users\Julie\Documents\WebDev\RD\Project Rep\a20ux1\app\Models\Friends_model.php(37): sprintf('DELETE FROM `a2...', '11', NULL)
#2 C:\Users\Julie\Documents\WebDev\RD\Project Rep\a20ux1\app\Controllers\Friends.php(77): App\Models\Friends_model->unfriend('11', NULL)
#3 C:\Users\Julie\Documents\WebDev\RD\Project Rep\a20ux1\system\CodeIgniter.php(918): App\Controllers\Friends->unfriend()
#4 C:\Users\Julie\Documents\WebDev\RD\Project Rep\a20ux1\system\CodeIgniter.php(404): CodeIgniter\CodeIgniter->runController(Object(App\Controllers\Friends))
#5 C:\Users\Julie\Documents\WebDev\RD\Project Rep\a20ux1\system\CodeIgniter.php(312): CodeIgniter\CodeIgniter->handleRequest(NULL, Object(Config\Cache), false)
#6 C:\Users\Julie\Documents\WebDev\RD\Project Rep\a20ux1\public\index.php(45): CodeIgniter\CodeIgniter->run()
#7 {main}
CRITICAL - 2020-11-18 19:01:27 --> sprintf(): Too few arguments
#0 [internal function]: CodeIgniter\Debug\Exceptions->errorHandler(2, 'sprintf(): Too ...', 'C:\\Users\\Julie\\...', 37, Array)
#1 C:\Users\Julie\Documents\WebDev\RD\Project Rep\a20ux1\app\Models\Friends_model.php(37): sprintf('DELETE FROM `a2...', '11', NULL)
#2 C:\Users\Julie\Documents\WebDev\RD\Project Rep\a20ux1\app\Controllers\Friends.php(77): App\Models\Friends_model->unfriend('11', NULL)
#3 C:\Users\Julie\Documents\WebDev\RD\Project Rep\a20ux1\system\CodeIgniter.php(918): App\Controllers\Friends->unfriend()
#4 C:\Users\Julie\Documents\WebDev\RD\Project Rep\a20ux1\system\CodeIgniter.php(404): CodeIgniter\CodeIgniter->runController(Object(App\Controllers\Friends))
#5 C:\Users\Julie\Documents\WebDev\RD\Project Rep\a20ux1\system\CodeIgniter.php(312): CodeIgniter\CodeIgniter->handleRequest(NULL, Object(Config\Cache), false)
#6 C:\Users\Julie\Documents\WebDev\RD\Project Rep\a20ux1\public\index.php(45): CodeIgniter\CodeIgniter->run()
#7 {main}
CRITICAL - 2020-11-18 19:01:28 --> sprintf(): Too few arguments
#0 [internal function]: CodeIgniter\Debug\Exceptions->errorHandler(2, 'sprintf(): Too ...', 'C:\\Users\\Julie\\...', 37, Array)
#1 C:\Users\Julie\Documents\WebDev\RD\Project Rep\a20ux1\app\Models\Friends_model.php(37): sprintf('DELETE FROM `a2...', '11', NULL)
#2 C:\Users\Julie\Documents\WebDev\RD\Project Rep\a20ux1\app\Controllers\Friends.php(77): App\Models\Friends_model->unfriend('11', NULL)
#3 C:\Users\Julie\Documents\WebDev\RD\Project Rep\a20ux1\system\CodeIgniter.php(918): App\Controllers\Friends->unfriend()
#4 C:\Users\Julie\Documents\WebDev\RD\Project Rep\a20ux1\system\CodeIgniter.php(404): CodeIgniter\CodeIgniter->runController(Object(App\Controllers\Friends))
#5 C:\Users\Julie\Documents\WebDev\RD\Project Rep\a20ux1\system\CodeIgniter.php(312): CodeIgniter\CodeIgniter->handleRequest(NULL, Object(Config\Cache), false)
#6 C:\Users\Julie\Documents\WebDev\RD\Project Rep\a20ux1\public\index.php(45): CodeIgniter\CodeIgniter->run()
#7 {main}
CRITICAL - 2020-11-18 19:01:29 --> sprintf(): Too few arguments
#0 [internal function]: CodeIgniter\Debug\Exceptions->errorHandler(2, 'sprintf(): Too ...', 'C:\\Users\\Julie\\...', 37, Array)
#1 C:\Users\Julie\Documents\WebDev\RD\Project Rep\a20ux1\app\Models\Friends_model.php(37): sprintf('DELETE FROM `a2...', '11', NULL)
#2 C:\Users\Julie\Documents\WebDev\RD\Project Rep\a20ux1\app\Controllers\Friends.php(77): App\Models\Friends_model->unfriend('11', NULL)
#3 C:\Users\Julie\Documents\WebDev\RD\Project Rep\a20ux1\system\CodeIgniter.php(918): App\Controllers\Friends->unfriend()
#4 C:\Users\Julie\Documents\WebDev\RD\Project Rep\a20ux1\system\CodeIgniter.php(404): CodeIgniter\CodeIgniter->runController(Object(App\Controllers\Friends))
#5 C:\Users\Julie\Documents\WebDev\RD\Project Rep\a20ux1\system\CodeIgniter.php(312): CodeIgniter\CodeIgniter->handleRequest(NULL, Object(Config\Cache), false)
#6 C:\Users\Julie\Documents\WebDev\RD\Project Rep\a20ux1\public\index.php(45): CodeIgniter\CodeIgniter->run()
#7 {main}
CRITICAL - 2020-11-18 19:01:55 --> sprintf(): Too few arguments
#0 [internal function]: CodeIgniter\Debug\Exceptions->errorHandler(2, 'sprintf(): Too ...', 'C:\\Users\\Julie\\...', 37, Array)
#1 C:\Users\Julie\Documents\WebDev\RD\Project Rep\a20ux1\app\Models\Friends_model.php(37): sprintf('DELETE FROM `a2...', '11', NULL)
#2 C:\Users\Julie\Documents\WebDev\RD\Project Rep\a20ux1\app\Controllers\Friends.php(77): App\Models\Friends_model->unfriend('11', NULL)
#3 C:\Users\Julie\Documents\WebDev\RD\Project Rep\a20ux1\system\CodeIgniter.php(918): App\Controllers\Friends->unfriend()
#4 C:\Users\Julie\Documents\WebDev\RD\Project Rep\a20ux1\system\CodeIgniter.php(404): CodeIgniter\CodeIgniter->runController(Object(App\Controllers\Friends))
#5 C:\Users\Julie\Documents\WebDev\RD\Project Rep\a20ux1\system\CodeIgniter.php(312): CodeIgniter\CodeIgniter->handleRequest(NULL, Object(Config\Cache), false)
#6 C:\Users\Julie\Documents\WebDev\RD\Project Rep\a20ux1\public\index.php(45): CodeIgniter\CodeIgniter->run()
#7 {main}
CRITICAL - 2020-11-18 19:04:54 --> syntax error, unexpected 'echo' (T_ECHO), expecting ';'
#0 C:\Users\Julie\Documents\WebDev\RD\Project Rep\a20ux1\system\Router\Router.php(195): CodeIgniter\Router\Router->autoRoute('friends/getFrie...')
#1 C:\Users\Julie\Documents\WebDev\RD\Project Rep\a20ux1\system\CodeIgniter.php(793): CodeIgniter\Router\Router->handle('friends/getFrie...')
#2 C:\Users\Julie\Documents\WebDev\RD\Project Rep\a20ux1\system\CodeIgniter.php(364): CodeIgniter\CodeIgniter->tryToRouteIt(Object(CodeIgniter\Router\RouteCollection))
#3 C:\Users\Julie\Documents\WebDev\RD\Project Rep\a20ux1\system\CodeIgniter.php(312): CodeIgniter\CodeIgniter->handleRequest(NULL, Object(Config\Cache), false)
#4 C:\Users\Julie\Documents\WebDev\RD\Project Rep\a20ux1\public\index.php(45): CodeIgniter\CodeIgniter->run()
#5 {main}
CRITICAL - 2020-11-18 19:05:34 --> syntax error, unexpected 'echo' (T_ECHO), expecting ';'
#0 C:\Users\Julie\Documents\WebDev\RD\Project Rep\a20ux1\system\Router\Router.php(195): CodeIgniter\Router\Router->autoRoute('friends/getFrie...')
#1 C:\Users\Julie\Documents\WebDev\RD\Project Rep\a20ux1\system\CodeIgniter.php(793): CodeIgniter\Router\Router->handle('friends/getFrie...')
#2 C:\Users\Julie\Documents\WebDev\RD\Project Rep\a20ux1\system\CodeIgniter.php(364): CodeIgniter\CodeIgniter->tryToRouteIt(Object(CodeIgniter\Router\RouteCollection))
#3 C:\Users\Julie\Documents\WebDev\RD\Project Rep\a20ux1\system\CodeIgniter.php(312): CodeIgniter\CodeIgniter->handleRequest(NULL, Object(Config\Cache), false)
#4 C:\Users\Julie\Documents\WebDev\RD\Project Rep\a20ux1\public\index.php(45): CodeIgniter\CodeIgniter->run()
#5 {main}
