CRITICAL - 2020-11-17 06:36:14 --> Unable to connect to the database.
#0 C:\Users\Julie\Documents\WebDev\RD\Project Rep\a20ux1\system\Database\BaseConnection.php(646): CodeIgniter\Database\BaseConnection->initialize()
#1 C:\Users\Julie\Documents\WebDev\RD\Project Rep\a20ux1\system\Database\BaseBuilder.php(1860): CodeIgniter\Database\BaseConnection->query('SELECT *\nFROM `...', Array, false)
#2 C:\Users\Julie\Documents\WebDev\RD\Project Rep\a20ux1\system\Model.php(506): CodeIgniter\Database\BaseBuilder->get()
#3 C:\Users\Julie\Documents\WebDev\RD\Project Rep\a20ux1\app\Controllers\Login.php(22): CodeIgniter\Model->first()
#4 C:\Users\Julie\Documents\WebDev\RD\Project Rep\a20ux1\system\CodeIgniter.php(918): App\Controllers\Login->auth()
#5 C:\Users\Julie\Documents\WebDev\RD\Project Rep\a20ux1\system\CodeIgniter.php(404): CodeIgniter\CodeIgniter->runController(Object(App\Controllers\Login))
#6 C:\Users\Julie\Documents\WebDev\RD\Project Rep\a20ux1\system\CodeIgniter.php(312): CodeIgniter\CodeIgniter->handleRequest(NULL, Object(Config\Cache), false)
#7 C:\Users\Julie\Documents\WebDev\RD\Project Rep\a20ux1\public\index.php(45): CodeIgniter\CodeIgniter->run()
#8 {main}
CRITICAL - 2020-11-17 06:36:24 --> Unable to connect to the database.
#0 C:\Users\Julie\Documents\WebDev\RD\Project Rep\a20ux1\system\Database\BaseConnection.php(646): CodeIgniter\Database\BaseConnection->initialize()
#1 C:\Users\Julie\Documents\WebDev\RD\Project Rep\a20ux1\system\Database\BaseBuilder.php(1860): CodeIgniter\Database\BaseConnection->query('SELECT *\nFROM `...', Array, false)
#2 C:\Users\Julie\Documents\WebDev\RD\Project Rep\a20ux1\system\Model.php(506): CodeIgniter\Database\BaseBuilder->get()
#3 C:\Users\Julie\Documents\WebDev\RD\Project Rep\a20ux1\app\Controllers\Login.php(22): CodeIgniter\Model->first()
#4 C:\Users\Julie\Documents\WebDev\RD\Project Rep\a20ux1\system\CodeIgniter.php(918): App\Controllers\Login->auth()
#5 C:\Users\Julie\Documents\WebDev\RD\Project Rep\a20ux1\system\CodeIgniter.php(404): CodeIgniter\CodeIgniter->runController(Object(App\Controllers\Login))
#6 C:\Users\Julie\Documents\WebDev\RD\Project Rep\a20ux1\system\CodeIgniter.php(312): CodeIgniter\CodeIgniter->handleRequest(NULL, Object(Config\Cache), false)
#7 C:\Users\Julie\Documents\WebDev\RD\Project Rep\a20ux1\public\index.php(45): CodeIgniter\CodeIgniter->run()
#8 {main}
CRITICAL - 2020-11-17 14:15:05 --> Cannot redeclare App\Controllers\Profile::settings()
#0 [internal function]: CodeIgniter\Debug\Exceptions->shutdownHandler()
#1 {main}
CRITICAL - 2020-11-17 14:52:26 --> Unable to connect to the database.
#0 C:\Users\Julie\Documents\WebDev\RD\Project Rep\a20ux1\system\Database\BaseConnection.php(646): CodeIgniter\Database\BaseConnection->initialize()
#1 C:\Users\Julie\Documents\WebDev\RD\Project Rep\a20ux1\system\Database\BaseBuilder.php(1860): CodeIgniter\Database\BaseConnection->query('SELECT *\nFROM `...', Array, false)
#2 C:\Users\Julie\Documents\WebDev\RD\Project Rep\a20ux1\system\Model.php(398): CodeIgniter\Database\BaseBuilder->get()
#3 C:\Users\Julie\Documents\WebDev\RD\Project Rep\a20ux1\app\Controllers\Profile.php(33): CodeIgniter\Model->find('11')
#4 C:\Users\Julie\Documents\WebDev\RD\Project Rep\a20ux1\system\CodeIgniter.php(918): App\Controllers\Profile->getUserData()
#5 C:\Users\Julie\Documents\WebDev\RD\Project Rep\a20ux1\system\CodeIgniter.php(404): CodeIgniter\CodeIgniter->runController(Object(App\Controllers\Profile))
#6 C:\Users\Julie\Documents\WebDev\RD\Project Rep\a20ux1\system\CodeIgniter.php(312): CodeIgniter\CodeIgniter->handleRequest(NULL, Object(Config\Cache), false)
#7 C:\Users\Julie\Documents\WebDev\RD\Project Rep\a20ux1\public\index.php(45): CodeIgniter\CodeIgniter->run()
#8 {main}
CRITICAL - 2020-11-17 14:52:36 --> Unable to connect to the database.
#0 C:\Users\Julie\Documents\WebDev\RD\Project Rep\a20ux1\system\Database\BaseConnection.php(646): CodeIgniter\Database\BaseConnection->initialize()
#1 C:\Users\Julie\Documents\WebDev\RD\Project Rep\a20ux1\system\Database\BaseBuilder.php(1860): CodeIgniter\Database\BaseConnection->query('SELECT *\nFROM `...', Array, false)
#2 C:\Users\Julie\Documents\WebDev\RD\Project Rep\a20ux1\system\Model.php(398): CodeIgniter\Database\BaseBuilder->get()
#3 C:\Users\Julie\Documents\WebDev\RD\Project Rep\a20ux1\app\Controllers\Profile.php(33): CodeIgniter\Model->find('11')
#4 C:\Users\Julie\Documents\WebDev\RD\Project Rep\a20ux1\system\CodeIgniter.php(918): App\Controllers\Profile->getUserData()
#5 C:\Users\Julie\Documents\WebDev\RD\Project Rep\a20ux1\system\CodeIgniter.php(404): CodeIgniter\CodeIgniter->runController(Object(App\Controllers\Profile))
#6 C:\Users\Julie\Documents\WebDev\RD\Project Rep\a20ux1\system\CodeIgniter.php(312): CodeIgniter\CodeIgniter->handleRequest(NULL, Object(Config\Cache), false)
#7 C:\Users\Julie\Documents\WebDev\RD\Project Rep\a20ux1\public\index.php(45): CodeIgniter\CodeIgniter->run()
#8 {main}
CRITICAL - 2020-11-17 14:52:46 --> Unable to connect to the database.
#0 C:\Users\Julie\Documents\WebDev\RD\Project Rep\a20ux1\system\Database\BaseConnection.php(646): CodeIgniter\Database\BaseConnection->initialize()
#1 C:\Users\Julie\Documents\WebDev\RD\Project Rep\a20ux1\system\Database\BaseBuilder.php(1860): CodeIgniter\Database\BaseConnection->query('SELECT *\nFROM `...', Array, false)
#2 C:\Users\Julie\Documents\WebDev\RD\Project Rep\a20ux1\system\Model.php(398): CodeIgniter\Database\BaseBuilder->get()
#3 C:\Users\Julie\Documents\WebDev\RD\Project Rep\a20ux1\app\Controllers\Profile.php(33): CodeIgniter\Model->find('11')
#4 C:\Users\Julie\Documents\WebDev\RD\Project Rep\a20ux1\system\CodeIgniter.php(918): App\Controllers\Profile->getUserData()
#5 C:\Users\Julie\Documents\WebDev\RD\Project Rep\a20ux1\system\CodeIgniter.php(404): CodeIgniter\CodeIgniter->runController(Object(App\Controllers\Profile))
#6 C:\Users\Julie\Documents\WebDev\RD\Project Rep\a20ux1\system\CodeIgniter.php(312): CodeIgniter\CodeIgniter->handleRequest(NULL, Object(Config\Cache), false)
#7 C:\Users\Julie\Documents\WebDev\RD\Project Rep\a20ux1\public\index.php(45): CodeIgniter\CodeIgniter->run()
#8 {main}
CRITICAL - 2020-11-17 19:30:57 --> syntax error, unexpected '$data' (T_VARIABLE)
#0 C:\Users\Julie\Documents\WebDev\RD\Project Rep\a20ux1\system\Autoloader\Autoloader.php(296): CodeIgniter\Autoloader\Autoloader->requireFile('C:\\Users\\Julie\\...')
#1 C:\Users\Julie\Documents\WebDev\RD\Project Rep\a20ux1\system\Autoloader\Autoloader.php(258): CodeIgniter\Autoloader\Autoloader->loadInNamespace('App\\Controllers...')
#2 [internal function]: CodeIgniter\Autoloader\Autoloader->loadClass('App\\Controllers...')
#3 [internal function]: spl_autoload_call('App\\Controllers...')
#4 C:\Users\Julie\Documents\WebDev\RD\Project Rep\a20ux1\system\CodeIgniter.php(869): class_exists('\\App\\Controller...', true)
#5 C:\Users\Julie\Documents\WebDev\RD\Project Rep\a20ux1\system\CodeIgniter.php(394): CodeIgniter\CodeIgniter->startController()
#6 C:\Users\Julie\Documents\WebDev\RD\Project Rep\a20ux1\system\CodeIgniter.php(312): CodeIgniter\CodeIgniter->handleRequest(NULL, Object(Config\Cache), false)
#7 C:\Users\Julie\Documents\WebDev\RD\Project Rep\a20ux1\public\index.php(45): CodeIgniter\CodeIgniter->run()
#8 {main}
CRITICAL - 2020-11-17 19:32:38 --> syntax error, unexpected '$user' (T_VARIABLE)
#0 C:\Users\Julie\Documents\WebDev\RD\Project Rep\a20ux1\system\Autoloader\Autoloader.php(296): CodeIgniter\Autoloader\Autoloader->requireFile('C:\\Users\\Julie\\...')
#1 C:\Users\Julie\Documents\WebDev\RD\Project Rep\a20ux1\system\Autoloader\Autoloader.php(258): CodeIgniter\Autoloader\Autoloader->loadInNamespace('App\\Controllers...')
#2 [internal function]: CodeIgniter\Autoloader\Autoloader->loadClass('App\\Controllers...')
#3 [internal function]: spl_autoload_call('App\\Controllers...')
#4 C:\Users\Julie\Documents\WebDev\RD\Project Rep\a20ux1\system\CodeIgniter.php(869): class_exists('\\App\\Controller...', true)
#5 C:\Users\Julie\Documents\WebDev\RD\Project Rep\a20ux1\system\CodeIgniter.php(394): CodeIgniter\CodeIgniter->startController()
#6 C:\Users\Julie\Documents\WebDev\RD\Project Rep\a20ux1\system\CodeIgniter.php(312): CodeIgniter\CodeIgniter->handleRequest(NULL, Object(Config\Cache), false)
#7 C:\Users\Julie\Documents\WebDev\RD\Project Rep\a20ux1\public\index.php(45): CodeIgniter\CodeIgniter->run()
#8 {main}
CRITICAL - 2020-11-17 19:32:39 --> syntax error, unexpected '$user' (T_VARIABLE)
#0 C:\Users\Julie\Documents\WebDev\RD\Project Rep\a20ux1\system\Autoloader\Autoloader.php(296): CodeIgniter\Autoloader\Autoloader->requireFile('C:\\Users\\Julie\\...')
#1 C:\Users\Julie\Documents\WebDev\RD\Project Rep\a20ux1\system\Autoloader\Autoloader.php(258): CodeIgniter\Autoloader\Autoloader->loadInNamespace('App\\Controllers...')
#2 [internal function]: CodeIgniter\Autoloader\Autoloader->loadClass('App\\Controllers...')
#3 [internal function]: spl_autoload_call('App\\Controllers...')
#4 C:\Users\Julie\Documents\WebDev\RD\Project Rep\a20ux1\system\CodeIgniter.php(869): class_exists('\\App\\Controller...', true)
#5 C:\Users\Julie\Documents\WebDev\RD\Project Rep\a20ux1\system\CodeIgniter.php(394): CodeIgniter\CodeIgniter->startController()
#6 C:\Users\Julie\Documents\WebDev\RD\Project Rep\a20ux1\system\CodeIgniter.php(312): CodeIgniter\CodeIgniter->handleRequest(NULL, Object(Config\Cache), false)
#7 C:\Users\Julie\Documents\WebDev\RD\Project Rep\a20ux1\public\index.php(45): CodeIgniter\CodeIgniter->run()
#8 {main}
CRITICAL - 2020-11-17 19:32:40 --> syntax error, unexpected '$user' (T_VARIABLE)
#0 C:\Users\Julie\Documents\WebDev\RD\Project Rep\a20ux1\system\Autoloader\Autoloader.php(296): CodeIgniter\Autoloader\Autoloader->requireFile('C:\\Users\\Julie\\...')
#1 C:\Users\Julie\Documents\WebDev\RD\Project Rep\a20ux1\system\Autoloader\Autoloader.php(258): CodeIgniter\Autoloader\Autoloader->loadInNamespace('App\\Controllers...')
#2 [internal function]: CodeIgniter\Autoloader\Autoloader->loadClass('App\\Controllers...')
#3 [internal function]: spl_autoload_call('App\\Controllers...')
#4 C:\Users\Julie\Documents\WebDev\RD\Project Rep\a20ux1\system\CodeIgniter.php(869): class_exists('\\App\\Controller...', true)
#5 C:\Users\Julie\Documents\WebDev\RD\Project Rep\a20ux1\system\CodeIgniter.php(394): CodeIgniter\CodeIgniter->startController()
#6 C:\Users\Julie\Documents\WebDev\RD\Project Rep\a20ux1\system\CodeIgniter.php(312): CodeIgniter\CodeIgniter->handleRequest(NULL, Object(Config\Cache), false)
#7 C:\Users\Julie\Documents\WebDev\RD\Project Rep\a20ux1\public\index.php(45): CodeIgniter\CodeIgniter->run()
#8 {main}
