CRITICAL - 2020-11-05 07:26:20 --> Column 'userName' cannot be null
#0 C:\Users\Julie\Documents\WebDev\RD\Project Rep\a20ux1\system\Database\MySQLi\Connection.php(331): mysqli->query('INSERT INTO `Us...')
#1 C:\Users\Julie\Documents\WebDev\RD\Project Rep\a20ux1\system\Database\BaseConnection.php(741): CodeIgniter\Database\MySQLi\Connection->execute('INSERT INTO `Us...')
#2 C:\Users\Julie\Documents\WebDev\RD\Project Rep\a20ux1\system\Database\BaseConnection.php(669): CodeIgniter\Database\BaseConnection->simpleQuery('INSERT INTO `Us...')
#3 C:\Users\Julie\Documents\WebDev\RD\Project Rep\a20ux1\system\Database\BaseBuilder.php(2249): CodeIgniter\Database\BaseConnection->query('INSERT INTO `Us...', Array, false)
#4 C:\Users\Julie\Documents\WebDev\RD\Project Rep\a20ux1\system\Model.php(755): CodeIgniter\Database\BaseBuilder->insert()
#5 C:\Users\Julie\Documents\WebDev\RD\Project Rep\a20ux1\system\Model.php(574): CodeIgniter\Model->insert(Array, false)
#6 C:\Users\Julie\Documents\WebDev\RD\Project Rep\a20ux1\app\Controllers\Register.php(37): CodeIgniter\Model->save(Array)
#7 C:\Users\Julie\Documents\WebDev\RD\Project Rep\a20ux1\system\CodeIgniter.php(918): App\Controllers\Register->save()
#8 C:\Users\Julie\Documents\WebDev\RD\Project Rep\a20ux1\system\CodeIgniter.php(404): CodeIgniter\CodeIgniter->runController(Object(App\Controllers\Register))
#9 C:\Users\Julie\Documents\WebDev\RD\Project Rep\a20ux1\system\CodeIgniter.php(312): CodeIgniter\CodeIgniter->handleRequest(NULL, Object(Config\Cache), false)
#10 C:\Users\Julie\Documents\WebDev\RD\Project Rep\a20ux1\public\index.php(45): CodeIgniter\CodeIgniter->run()
#11 {main}
CRITICAL - 2020-11-05 07:27:06 --> Column 'userName' cannot be null
#0 C:\Users\Julie\Documents\WebDev\RD\Project Rep\a20ux1\system\Database\MySQLi\Connection.php(331): mysqli->query('INSERT INTO `Us...')
#1 C:\Users\Julie\Documents\WebDev\RD\Project Rep\a20ux1\system\Database\BaseConnection.php(741): CodeIgniter\Database\MySQLi\Connection->execute('INSERT INTO `Us...')
#2 C:\Users\Julie\Documents\WebDev\RD\Project Rep\a20ux1\system\Database\BaseConnection.php(669): CodeIgniter\Database\BaseConnection->simpleQuery('INSERT INTO `Us...')
#3 C:\Users\Julie\Documents\WebDev\RD\Project Rep\a20ux1\system\Database\BaseBuilder.php(2249): CodeIgniter\Database\BaseConnection->query('INSERT INTO `Us...', Array, false)
#4 C:\Users\Julie\Documents\WebDev\RD\Project Rep\a20ux1\system\Model.php(755): CodeIgniter\Database\BaseBuilder->insert()
#5 C:\Users\Julie\Documents\WebDev\RD\Project Rep\a20ux1\system\Model.php(574): CodeIgniter\Model->insert(Array, false)
#6 C:\Users\Julie\Documents\WebDev\RD\Project Rep\a20ux1\app\Controllers\Register.php(37): CodeIgniter\Model->save(Array)
#7 C:\Users\Julie\Documents\WebDev\RD\Project Rep\a20ux1\system\CodeIgniter.php(918): App\Controllers\Register->save()
#8 C:\Users\Julie\Documents\WebDev\RD\Project Rep\a20ux1\system\CodeIgniter.php(404): CodeIgniter\CodeIgniter->runController(Object(App\Controllers\Register))
#9 C:\Users\Julie\Documents\WebDev\RD\Project Rep\a20ux1\system\CodeIgniter.php(312): CodeIgniter\CodeIgniter->handleRequest(NULL, Object(Config\Cache), false)
#10 C:\Users\Julie\Documents\WebDev\RD\Project Rep\a20ux1\public\index.php(45): CodeIgniter\CodeIgniter->run()
#11 {main}
CRITICAL - 2020-11-05 07:28:09 --> Column 'userName' cannot be null
#0 C:\Users\Julie\Documents\WebDev\RD\Project Rep\a20ux1\system\Database\MySQLi\Connection.php(331): mysqli->query('INSERT INTO `Us...')
#1 C:\Users\Julie\Documents\WebDev\RD\Project Rep\a20ux1\system\Database\BaseConnection.php(741): CodeIgniter\Database\MySQLi\Connection->execute('INSERT INTO `Us...')
#2 C:\Users\Julie\Documents\WebDev\RD\Project Rep\a20ux1\system\Database\BaseConnection.php(669): CodeIgniter\Database\BaseConnection->simpleQuery('INSERT INTO `Us...')
#3 C:\Users\Julie\Documents\WebDev\RD\Project Rep\a20ux1\system\Database\BaseBuilder.php(2249): CodeIgniter\Database\BaseConnection->query('INSERT INTO `Us...', Array, false)
#4 C:\Users\Julie\Documents\WebDev\RD\Project Rep\a20ux1\system\Model.php(755): CodeIgniter\Database\BaseBuilder->insert()
#5 C:\Users\Julie\Documents\WebDev\RD\Project Rep\a20ux1\system\Model.php(574): CodeIgniter\Model->insert(Array, false)
#6 C:\Users\Julie\Documents\WebDev\RD\Project Rep\a20ux1\app\Controllers\Register.php(37): CodeIgniter\Model->save(Array)
#7 C:\Users\Julie\Documents\WebDev\RD\Project Rep\a20ux1\system\CodeIgniter.php(918): App\Controllers\Register->save()
#8 C:\Users\Julie\Documents\WebDev\RD\Project Rep\a20ux1\system\CodeIgniter.php(404): CodeIgniter\CodeIgniter->runController(Object(App\Controllers\Register))
#9 C:\Users\Julie\Documents\WebDev\RD\Project Rep\a20ux1\system\CodeIgniter.php(312): CodeIgniter\CodeIgniter->handleRequest(NULL, Object(Config\Cache), false)
#10 C:\Users\Julie\Documents\WebDev\RD\Project Rep\a20ux1\public\index.php(45): CodeIgniter\CodeIgniter->run()
#11 {main}
CRITICAL - 2020-11-05 07:30:59 --> Undefined index: passHash
#0 C:\Users\Julie\Documents\WebDev\RD\Project Rep\a20ux1\app\Controllers\Login.php(22): CodeIgniter\Debug\Exceptions->errorHandler(8, 'Undefined index...', 'C:\\Users\\Julie\\...', 22, Array)
#1 C:\Users\Julie\Documents\WebDev\RD\Project Rep\a20ux1\system\CodeIgniter.php(918): App\Controllers\Login->auth()
#2 C:\Users\Julie\Documents\WebDev\RD\Project Rep\a20ux1\system\CodeIgniter.php(404): CodeIgniter\CodeIgniter->runController(Object(App\Controllers\Login))
#3 C:\Users\Julie\Documents\WebDev\RD\Project Rep\a20ux1\system\CodeIgniter.php(312): CodeIgniter\CodeIgniter->handleRequest(NULL, Object(Config\Cache), false)
#4 C:\Users\Julie\Documents\WebDev\RD\Project Rep\a20ux1\public\index.php(45): CodeIgniter\CodeIgniter->run()
#5 {main}
CRITICAL - 2020-11-05 07:38:06 --> Class 'Config\App\Filters\Auth' not found
#0 C:\Users\Julie\Documents\WebDev\RD\Project Rep\a20ux1\system\CodeIgniter.php(382): CodeIgniter\Filters\Filters->run('profile', 'before')
#1 C:\Users\Julie\Documents\WebDev\RD\Project Rep\a20ux1\system\CodeIgniter.php(312): CodeIgniter\CodeIgniter->handleRequest(NULL, Object(Config\Cache), false)
#2 C:\Users\Julie\Documents\WebDev\RD\Project Rep\a20ux1\public\index.php(45): CodeIgniter\CodeIgniter->run()
#3 {main}
CRITICAL - 2020-11-05 09:55:00 --> There is no data to update.
#0 C:\Users\Julie\Documents\WebDev\RD\Project Rep\a20ux1\system\Model.php(834): CodeIgniter\Database\Exceptions\DataException::forEmptyDataset('update')
#1 C:\Users\Julie\Documents\WebDev\RD\Project Rep\a20ux1\app\Controllers\Login.php(35): CodeIgniter\Model->update(Array)
#2 C:\Users\Julie\Documents\WebDev\RD\Project Rep\a20ux1\system\CodeIgniter.php(918): App\Controllers\Login->auth()
#3 C:\Users\Julie\Documents\WebDev\RD\Project Rep\a20ux1\system\CodeIgniter.php(404): CodeIgniter\CodeIgniter->runController(Object(App\Controllers\Login))
#4 C:\Users\Julie\Documents\WebDev\RD\Project Rep\a20ux1\system\CodeIgniter.php(312): CodeIgniter\CodeIgniter->handleRequest(NULL, Object(Config\Cache), false)
#5 C:\Users\Julie\Documents\WebDev\RD\Project Rep\a20ux1\public\index.php(45): CodeIgniter\CodeIgniter->run()
#6 {main}
CRITICAL - 2020-11-05 09:55:53 --> syntax error, unexpected ';', expecting ']'
#0 C:\Users\Julie\Documents\WebDev\RD\Project Rep\a20ux1\system\Router\Router.php(195): CodeIgniter\Router\Router->autoRoute('login/index')
#1 C:\Users\Julie\Documents\WebDev\RD\Project Rep\a20ux1\system\CodeIgniter.php(793): CodeIgniter\Router\Router->handle('login/index')
#2 C:\Users\Julie\Documents\WebDev\RD\Project Rep\a20ux1\system\CodeIgniter.php(364): CodeIgniter\CodeIgniter->tryToRouteIt(Object(CodeIgniter\Router\RouteCollection))
#3 C:\Users\Julie\Documents\WebDev\RD\Project Rep\a20ux1\system\CodeIgniter.php(312): CodeIgniter\CodeIgniter->handleRequest(NULL, Object(Config\Cache), false)
#4 C:\Users\Julie\Documents\WebDev\RD\Project Rep\a20ux1\public\index.php(45): CodeIgniter\CodeIgniter->run()
#5 {main}
CRITICAL - 2020-11-05 09:55:58 --> syntax error, unexpected ';', expecting ']'
#0 C:\Users\Julie\Documents\WebDev\RD\Project Rep\a20ux1\system\Autoloader\Autoloader.php(296): CodeIgniter\Autoloader\Autoloader->requireFile('C:\\Users\\Julie\\...')
#1 C:\Users\Julie\Documents\WebDev\RD\Project Rep\a20ux1\system\Autoloader\Autoloader.php(258): CodeIgniter\Autoloader\Autoloader->loadInNamespace('App\\Controllers...')
#2 [internal function]: CodeIgniter\Autoloader\Autoloader->loadClass('App\\Controllers...')
#3 [internal function]: spl_autoload_call('App\\Controllers...')
#4 C:\Users\Julie\Documents\WebDev\RD\Project Rep\a20ux1\system\CodeIgniter.php(869): class_exists('\\App\\Controller...', true)
#5 C:\Users\Julie\Documents\WebDev\RD\Project Rep\a20ux1\system\CodeIgniter.php(394): CodeIgniter\CodeIgniter->startController()
#6 C:\Users\Julie\Documents\WebDev\RD\Project Rep\a20ux1\system\CodeIgniter.php(312): CodeIgniter\CodeIgniter->handleRequest(NULL, Object(Config\Cache), false)
#7 C:\Users\Julie\Documents\WebDev\RD\Project Rep\a20ux1\public\index.php(45): CodeIgniter\CodeIgniter->run()
#8 {main}
CRITICAL - 2020-11-05 09:56:14 --> There is no data to update.
#0 C:\Users\Julie\Documents\WebDev\RD\Project Rep\a20ux1\system\Model.php(834): CodeIgniter\Database\Exceptions\DataException::forEmptyDataset('update')
#1 C:\Users\Julie\Documents\WebDev\RD\Project Rep\a20ux1\app\Controllers\Login.php(35): CodeIgniter\Model->update(Array)
#2 C:\Users\Julie\Documents\WebDev\RD\Project Rep\a20ux1\system\CodeIgniter.php(918): App\Controllers\Login->auth()
#3 C:\Users\Julie\Documents\WebDev\RD\Project Rep\a20ux1\system\CodeIgniter.php(404): CodeIgniter\CodeIgniter->runController(Object(App\Controllers\Login))
#4 C:\Users\Julie\Documents\WebDev\RD\Project Rep\a20ux1\system\CodeIgniter.php(312): CodeIgniter\CodeIgniter->handleRequest(NULL, Object(Config\Cache), false)
#5 C:\Users\Julie\Documents\WebDev\RD\Project Rep\a20ux1\public\index.php(45): CodeIgniter\CodeIgniter->run()
#6 {main}
CRITICAL - 2020-11-05 09:56:46 --> There is no data to update.
#0 C:\Users\Julie\Documents\WebDev\RD\Project Rep\a20ux1\system\Model.php(834): CodeIgniter\Database\Exceptions\DataException::forEmptyDataset('update')
#1 C:\Users\Julie\Documents\WebDev\RD\Project Rep\a20ux1\app\Controllers\Login.php(35): CodeIgniter\Model->update(Array)
#2 C:\Users\Julie\Documents\WebDev\RD\Project Rep\a20ux1\system\CodeIgniter.php(918): App\Controllers\Login->auth()
#3 C:\Users\Julie\Documents\WebDev\RD\Project Rep\a20ux1\system\CodeIgniter.php(404): CodeIgniter\CodeIgniter->runController(Object(App\Controllers\Login))
#4 C:\Users\Julie\Documents\WebDev\RD\Project Rep\a20ux1\system\CodeIgniter.php(312): CodeIgniter\CodeIgniter->handleRequest(NULL, Object(Config\Cache), false)
#5 C:\Users\Julie\Documents\WebDev\RD\Project Rep\a20ux1\public\index.php(45): CodeIgniter\CodeIgniter->run()
#6 {main}
CRITICAL - 2020-11-05 09:56:54 --> There is no data to update.
#0 C:\Users\Julie\Documents\WebDev\RD\Project Rep\a20ux1\system\Model.php(834): CodeIgniter\Database\Exceptions\DataException::forEmptyDataset('update')
#1 C:\Users\Julie\Documents\WebDev\RD\Project Rep\a20ux1\app\Controllers\Login.php(35): CodeIgniter\Model->update(Array)
#2 C:\Users\Julie\Documents\WebDev\RD\Project Rep\a20ux1\system\CodeIgniter.php(918): App\Controllers\Login->auth()
#3 C:\Users\Julie\Documents\WebDev\RD\Project Rep\a20ux1\system\CodeIgniter.php(404): CodeIgniter\CodeIgniter->runController(Object(App\Controllers\Login))
#4 C:\Users\Julie\Documents\WebDev\RD\Project Rep\a20ux1\system\CodeIgniter.php(312): CodeIgniter\CodeIgniter->handleRequest(NULL, Object(Config\Cache), false)
#5 C:\Users\Julie\Documents\WebDev\RD\Project Rep\a20ux1\public\index.php(45): CodeIgniter\CodeIgniter->run()
#6 {main}
CRITICAL - 2020-11-05 10:06:37 --> Undefined variable: validation
#0 C:\Users\Julie\Documents\WebDev\RD\Project Rep\a20ux1\app\Views\registrationstepone.php(33): CodeIgniter\Debug\Exceptions->errorHandler(8, 'Undefined varia...', 'C:\\Users\\Julie\\...', 33, Array)
#1 C:\Users\Julie\Documents\WebDev\RD\Project Rep\a20ux1\system\View\View.php(246): include('C:\\Users\\Julie\\...')
#2 C:\Users\Julie\Documents\WebDev\RD\Project Rep\a20ux1\system\Common.php(1119): CodeIgniter\View\View->render('registrationste...', Array, true)
#3 C:\Users\Julie\Documents\WebDev\RD\Project Rep\a20ux1\app\Controllers\Register.php(13): view('registrationste...', Array)
#4 C:\Users\Julie\Documents\WebDev\RD\Project Rep\a20ux1\system\CodeIgniter.php(918): App\Controllers\Register->index()
#5 C:\Users\Julie\Documents\WebDev\RD\Project Rep\a20ux1\system\CodeIgniter.php(404): CodeIgniter\CodeIgniter->runController(Object(App\Controllers\Register))
#6 C:\Users\Julie\Documents\WebDev\RD\Project Rep\a20ux1\system\CodeIgniter.php(312): CodeIgniter\CodeIgniter->handleRequest(NULL, Object(Config\Cache), false)
#7 C:\Users\Julie\Documents\WebDev\RD\Project Rep\a20ux1\public\index.php(45): CodeIgniter\CodeIgniter->run()
#8 {main}
CRITICAL - 2020-11-05 10:06:37 --> Undefined variable: validation
#0 C:\Users\Julie\Documents\WebDev\RD\Project Rep\a20ux1\app\Views\registrationstepone.php(33): CodeIgniter\Debug\Exceptions->errorHandler(8, 'Undefined varia...', 'C:\\Users\\Julie\\...', 33, Array)
#1 C:\Users\Julie\Documents\WebDev\RD\Project Rep\a20ux1\system\View\View.php(246): include('C:\\Users\\Julie\\...')
#2 C:\Users\Julie\Documents\WebDev\RD\Project Rep\a20ux1\system\Common.php(1119): CodeIgniter\View\View->render('registrationste...', Array, true)
#3 C:\Users\Julie\Documents\WebDev\RD\Project Rep\a20ux1\app\Controllers\Register.php(13): view('registrationste...', Array)
#4 C:\Users\Julie\Documents\WebDev\RD\Project Rep\a20ux1\system\CodeIgniter.php(918): App\Controllers\Register->index()
#5 C:\Users\Julie\Documents\WebDev\RD\Project Rep\a20ux1\system\CodeIgniter.php(404): CodeIgniter\CodeIgniter->runController(Object(App\Controllers\Register))
#6 C:\Users\Julie\Documents\WebDev\RD\Project Rep\a20ux1\system\CodeIgniter.php(312): CodeIgniter\CodeIgniter->handleRequest(NULL, Object(Config\Cache), false)
#7 C:\Users\Julie\Documents\WebDev\RD\Project Rep\a20ux1\public\index.php(45): CodeIgniter\CodeIgniter->run()
#8 {main}
CRITICAL - 2020-11-05 10:16:36 --> Array to string conversion
#0 C:\Users\Julie\Documents\WebDev\RD\Project Rep\a20ux1\app\Views\registrationstepone.php(32): CodeIgniter\Debug\Exceptions->errorHandler(8, 'Array to string...', 'C:\\Users\\Julie\\...', 32, Array)
#1 C:\Users\Julie\Documents\WebDev\RD\Project Rep\a20ux1\system\View\View.php(246): include('C:\\Users\\Julie\\...')
#2 C:\Users\Julie\Documents\WebDev\RD\Project Rep\a20ux1\system\Common.php(1119): CodeIgniter\View\View->render('registrationste...', Array, true)
#3 C:\Users\Julie\Documents\WebDev\RD\Project Rep\a20ux1\app\Controllers\Register.php(48): view('registrationste...')
#4 C:\Users\Julie\Documents\WebDev\RD\Project Rep\a20ux1\system\CodeIgniter.php(918): App\Controllers\Register->save()
#5 C:\Users\Julie\Documents\WebDev\RD\Project Rep\a20ux1\system\CodeIgniter.php(404): CodeIgniter\CodeIgniter->runController(Object(App\Controllers\Register))
#6 C:\Users\Julie\Documents\WebDev\RD\Project Rep\a20ux1\system\CodeIgniter.php(312): CodeIgniter\CodeIgniter->handleRequest(NULL, Object(Config\Cache), false)
#7 C:\Users\Julie\Documents\WebDev\RD\Project Rep\a20ux1\public\index.php(45): CodeIgniter\CodeIgniter->run()
#8 {main}
CRITICAL - 2020-11-05 10:18:09 --> Undefined variable: validation
#0 C:\Users\Julie\Documents\WebDev\RD\Project Rep\a20ux1\app\Views\registrationstepone.php(32): CodeIgniter\Debug\Exceptions->errorHandler(8, 'Undefined varia...', 'C:\\Users\\Julie\\...', 32, Array)
#1 C:\Users\Julie\Documents\WebDev\RD\Project Rep\a20ux1\system\View\View.php(246): include('C:\\Users\\Julie\\...')
#2 C:\Users\Julie\Documents\WebDev\RD\Project Rep\a20ux1\system\Common.php(1119): CodeIgniter\View\View->render('registrationste...', Array, true)
#3 C:\Users\Julie\Documents\WebDev\RD\Project Rep\a20ux1\app\Controllers\Register.php(13): view('registrationste...', Array)
#4 C:\Users\Julie\Documents\WebDev\RD\Project Rep\a20ux1\system\CodeIgniter.php(918): App\Controllers\Register->index()
#5 C:\Users\Julie\Documents\WebDev\RD\Project Rep\a20ux1\system\CodeIgniter.php(404): CodeIgniter\CodeIgniter->runController(Object(App\Controllers\Register))
#6 C:\Users\Julie\Documents\WebDev\RD\Project Rep\a20ux1\system\CodeIgniter.php(312): CodeIgniter\CodeIgniter->handleRequest(NULL, Object(Config\Cache), false)
#7 C:\Users\Julie\Documents\WebDev\RD\Project Rep\a20ux1\public\index.php(45): CodeIgniter\CodeIgniter->run()
#8 {main}
